2019-09-29 12:48:51,953 - root - DEBUG - Opening watch face './marine_commander.bin'
2019-09-29 12:48:51,953 - root - DEBUG - Reading parameters...
2019-09-29 12:48:51,953 - root - INFO - Reading header...
2019-09-29 12:48:51,954 - root - INFO - Header was read:
2019-09-29 12:48:51,954 - root - INFO - Signature: b'HMDIAL\x00', Unknown: 94, ParametersSize: 60, isValid: True
2019-09-29 12:48:51,954 - root - INFO - Reading parameter offsets...
2019-09-29 12:48:51,954 - root - INFO - Parameter offsets were read from file
2019-09-29 12:48:51,954 - root - INFO - Reading parameters descriptor...
2019-09-29 12:48:51,954 - root - INFO - 1 ( A): 5 bytes
2019-09-29 12:48:51,954 - root - INFO -     1 ( 8): 376 178
2019-09-29 12:48:51,954 - root - INFO -     2 (10): 59 3B
2019-09-29 12:48:51,954 - root - INFO - getParameters descriptor was read:
2019-09-29 12:48:51,954 - root - INFO - ParametersTableLength: 376, ImagesCount: 59
2019-09-29 12:48:51,954 - root - INFO - Reading parameters locations...
2019-09-29 12:48:51,954 - root - INFO - 2 (12): 4 bytes
2019-09-29 12:48:51,954 - root - INFO -     1 ( 8): 0  0
2019-09-29 12:48:51,955 - root - INFO -     2 (10): 16 10
2019-09-29 12:48:51,955 - root - INFO - 3 (1A): 4 bytes
2019-09-29 12:48:51,955 - root - INFO -     1 ( 8): 16 10
2019-09-29 12:48:51,955 - root - INFO -     2 (10): 48 30
2019-09-29 12:48:51,955 - root - INFO - 4 (22): 4 bytes
2019-09-29 12:48:51,955 - root - INFO -     1 ( 8): 64 40
2019-09-29 12:48:51,955 - root - INFO -     2 (10): 94 5E
2019-09-29 12:48:51,955 - root - INFO - 5 (2A): 5 bytes
2019-09-29 12:48:51,955 - root - INFO -     1 ( 8): 158 9E
2019-09-29 12:48:51,955 - root - INFO -     2 (10): 44 2C
2019-09-29 12:48:51,955 - root - INFO - 7 (3A): 5 bytes
2019-09-29 12:48:51,955 - root - INFO -     1 ( 8): 202 CA
2019-09-29 12:48:51,955 - root - INFO -     2 (10): 26 1A
2019-09-29 12:48:51,956 - root - INFO - 8 (42): 5 bytes
2019-09-29 12:48:51,956 - root - INFO -     1 ( 8): 228 E4
2019-09-29 12:48:51,956 - root - INFO -     2 (10): 33 21
2019-09-29 12:48:51,956 - root - INFO - 9 (4A): 5 bytes
2019-09-29 12:48:51,956 - root - INFO -     1 ( 8): 261 105
2019-09-29 12:48:51,956 - root - INFO -     2 (10): 34 22
2019-09-29 12:48:51,956 - root - INFO - 10 (52): 5 bytes
2019-09-29 12:48:51,956 - root - INFO -     1 ( 8): 295 127
2019-09-29 12:48:51,956 - root - INFO -     2 (10): 81 51
2019-09-29 12:48:51,956 - root - INFO - Watch face parameters locations were read:
2019-09-29 12:48:51,956 - root - INFO - Reading descriptor for parameter 2
2019-09-29 12:48:51,956 - root - INFO - Descriptor offset: 0, Descriptor length: 16
2019-09-29 12:48:51,956 - root - INFO - Parsing descriptor for parameter 2...
2019-09-29 12:48:51,956 - root - INFO - 1 ( A): 6 bytes
2019-09-29 12:48:51,956 - root - INFO -     1 ( 8): 0  0
2019-09-29 12:48:51,956 - root - INFO -     2 (10): 0  0
2019-09-29 12:48:51,956 - root - INFO -     3 (18): 0  0
2019-09-29 12:48:51,956 - root - INFO - 3 (1A): 6 bytes
2019-09-29 12:48:51,956 - root - INFO -     1 ( 8): 0  0
2019-09-29 12:48:51,956 - root - INFO -     2 (10): 0  0
2019-09-29 12:48:51,956 - root - INFO -     3 (18): 1  1
2019-09-29 12:48:51,957 - root - INFO - Reading descriptor for parameter 3
2019-09-29 12:48:51,957 - root - INFO - Descriptor offset: 16, Descriptor length: 48
2019-09-29 12:48:51,957 - root - INFO - Parsing descriptor for parameter 3...
2019-09-29 12:48:51,957 - root - INFO - 1 ( A): 22 bytes
2019-09-29 12:48:51,957 - root - INFO -     1 ( A): 9 bytes
2019-09-29 12:48:51,957 - root - INFO -         1 ( 8): 136 88
2019-09-29 12:48:51,957 - root - INFO -         2 (10): 108 6C
2019-09-29 12:48:51,957 - root - INFO -         3 (18): 2  2
2019-09-29 12:48:51,957 - root - INFO -         4 (20): 10  A
2019-09-29 12:48:51,957 - root - INFO -     2 (12): 9 bytes
2019-09-29 12:48:51,957 - root - INFO -         1 ( 8): 178 B2
2019-09-29 12:48:51,957 - root - INFO -         2 (10): 108 6C
2019-09-29 12:48:51,957 - root - INFO -         3 (18): 2  2
2019-09-29 12:48:51,957 - root - INFO -         4 (20): 10  A
2019-09-29 12:48:51,957 - root - INFO - 2 (12): 22 bytes
2019-09-29 12:48:51,957 - root - INFO -     1 ( A): 9 bytes
2019-09-29 12:48:51,957 - root - INFO -         1 ( 8): 238 EE
2019-09-29 12:48:51,957 - root - INFO -         2 (10): 108 6C
2019-09-29 12:48:51,957 - root - INFO -         3 (18): 2  2
2019-09-29 12:48:51,957 - root - INFO -         4 (20): 10  A
2019-09-29 12:48:51,957 - root - INFO -     2 (12): 9 bytes
2019-09-29 12:48:51,957 - root - INFO -         1 ( 8): 282 11A
2019-09-29 12:48:51,957 - root - INFO -         2 (10): 108 6C
2019-09-29 12:48:51,958 - root - INFO -         3 (18): 2  2
2019-09-29 12:48:51,958 - root - INFO -         4 (20): 10  A
2019-09-29 12:48:51,958 - root - INFO - Reading descriptor for parameter 4
2019-09-29 12:48:51,958 - root - INFO - Descriptor offset: 64, Descriptor length: 94
2019-09-29 12:48:51,958 - root - INFO - Parsing descriptor for parameter 4...
2019-09-29 12:48:51,958 - root - INFO - 2 (12): 19 bytes
2019-09-29 12:48:51,958 - root - INFO -     1 ( 8): 89 59
2019-09-29 12:48:51,958 - root - INFO -     2 (10): 226 E2
2019-09-29 12:48:51,958 - root - INFO -     3 (18): 169 A9
2019-09-29 12:48:51,958 - root - INFO -     4 (20): 240 F0
2019-09-29 12:48:51,958 - root - INFO -     5 (28): 24 18
2019-09-29 12:48:51,958 - root - INFO -     6 (30): 0  0
2019-09-29 12:48:51,958 - root - INFO -     7 (38): 12  C
2019-09-29 12:48:51,958 - root - INFO -     8 (40): 10  A
2019-09-29 12:48:51,958 - root - INFO - 3 (1A): 19 bytes
2019-09-29 12:48:51,958 - root - INFO -     1 ( 8): 98 62
2019-09-29 12:48:51,958 - root - INFO -     2 (10): 198 C6
2019-09-29 12:48:51,958 - root - INFO -     3 (18): 160 A0
2019-09-29 12:48:51,958 - root - INFO -     4 (20): 215 D7
2019-09-29 12:48:51,958 - root - INFO -     5 (28): 24 18
2019-09-29 12:48:51,958 - root - INFO -     6 (30): 0  0
2019-09-29 12:48:51,958 - root - INFO -     7 (38): 22 16
2019-09-29 12:48:51,959 - root - INFO -     8 (40): 10  A
2019-09-29 12:48:51,959 - root - INFO - 4 (22): 26 bytes
2019-09-29 12:48:51,959 - root - INFO -     1 ( A): 20 bytes
2019-09-29 12:48:51,959 - root - INFO -         1 ( 8): 195 C3
2019-09-29 12:48:51,959 - root - INFO -         2 (10): 297 129
2019-09-29 12:48:51,959 - root - INFO -         3 (18): 259 103
2019-09-29 12:48:51,959 - root - INFO -         4 (20): 311 137
2019-09-29 12:48:51,959 - root - INFO -         5 (28): 24 18
2019-09-29 12:48:51,959 - root - INFO -         6 (30): 0  0
2019-09-29 12:48:51,959 - root - INFO -         7 (38): 12  C
2019-09-29 12:48:51,959 - root - INFO -         8 (40): 10  A
2019-09-29 12:48:51,959 - root - INFO -     2 (10): 32 20
2019-09-29 12:48:51,959 - root - INFO -     3 (18): 33 21
2019-09-29 12:48:51,959 - root - INFO - 5 (2A): 22 bytes
2019-09-29 12:48:51,959 - root - INFO -     1 ( A): 20 bytes
2019-09-29 12:48:51,959 - root - INFO -         1 ( 8): 187 BB
2019-09-29 12:48:51,959 - root - INFO -         2 (10): 323 143
2019-09-29 12:48:51,959 - root - INFO -         3 (18): 268 10C
2019-09-29 12:48:51,959 - root - INFO -         4 (20): 340 154
2019-09-29 12:48:51,959 - root - INFO -         5 (28): 24 18
2019-09-29 12:48:51,959 - root - INFO -         6 (30): 0  0
2019-09-29 12:48:51,959 - root - INFO -         7 (38): 22 16
2019-09-29 12:48:51,960 - root - INFO -         8 (40): 10  A
2019-09-29 12:48:51,960 - root - INFO - Reading descriptor for parameter 5
2019-09-29 12:48:51,960 - root - INFO - Descriptor offset: 158, Descriptor length: 44
2019-09-29 12:48:51,960 - root - INFO - Parsing descriptor for parameter 5...
2019-09-29 12:48:51,960 - root - INFO - 1 ( A): 30 bytes
2019-09-29 12:48:51,960 - root - INFO -     2 (12): 24 bytes
2019-09-29 12:48:51,960 - root - INFO -         1 ( A): 20 bytes
2019-09-29 12:48:51,960 - root - INFO -             1 ( 8): 292 124
2019-09-29 12:48:51,960 - root - INFO -             2 (10): 218 DA
2019-09-29 12:48:51,960 - root - INFO -             3 (18): 357 165
2019-09-29 12:48:51,960 - root - INFO -             4 (20): 235 EB
2019-09-29 12:48:51,960 - root - INFO -             5 (28): 24 18
2019-09-29 12:48:51,960 - root - INFO -             6 (30): 0  0
2019-09-29 12:48:51,960 - root - INFO -             7 (38): 22 16
2019-09-29 12:48:51,960 - root - INFO -             8 (40): 10  A
2019-09-29 12:48:51,960 - root - INFO -         2 (10): 34 22
2019-09-29 12:48:51,960 - root - INFO -     3 (18): 1  1
2019-09-29 12:48:51,961 - root - INFO -     4 (20): 1  1
2019-09-29 12:48:51,961 - root - INFO - 2 (12): 10 bytes
2019-09-29 12:48:51,961 - root - INFO -     1 ( 8): 267 10B
2019-09-29 12:48:51,961 - root - INFO -     2 (10): 169 A9
2019-09-29 12:48:51,961 - root - INFO -     3 (18): 21 15
2019-09-29 12:48:51,961 - root - INFO -     4 (20): 21 15
2019-09-29 12:48:51,961 - root - INFO - Reading descriptor for parameter 7
2019-09-29 12:48:51,961 - root - INFO - Descriptor offset: 202, Descriptor length: 26
2019-09-29 12:48:51,961 - root - INFO - Parsing descriptor for parameter 7...
2019-09-29 12:48:51,961 - root - INFO - 3 (1A): 24 bytes
2019-09-29 12:48:51,961 - root - INFO -     1 ( 8): 227 E3
2019-09-29 12:48:51,961 - root - INFO -     2 (10): 325 145
2019-09-29 12:48:51,961 - root - INFO -     3 (18): 46 2E
2019-09-29 12:48:51,961 - root - INFO -     4 (20): 46 2E
2019-09-29 12:48:51,961 - root - INFO -     5 (28): 202 CA
2019-09-29 12:48:51,961 - root - INFO -     6 (30): 338 152
2019-09-29 12:48:51,961 - root - INFO -     7 (38): 5  5
2019-09-29 12:48:51,961 - root - INFO -     8 (40): 367585 59BE1
2019-09-29 12:48:51,961 - root - INFO -     9 (48): 0  0
2019-09-29 12:48:51,961 - root - INFO - Reading descriptor for parameter 8
2019-09-29 12:48:51,961 - root - INFO - Descriptor offset: 228, Descriptor length: 33
2019-09-29 12:48:51,961 - root - INFO - Parsing descriptor for parameter 8...
2019-09-29 12:48:51,962 - root - INFO - 1 ( A): 9 bytes
2019-09-29 12:48:51,962 - root - INFO -     1 ( A): 5 bytes
2019-09-29 12:48:51,962 - root - INFO -         1 ( 8): 254 FE
2019-09-29 12:48:51,962 - root - INFO -         2 (10): 83 53
2019-09-29 12:48:51,962 - root - INFO -     2 (10): 42 2A
2019-09-29 12:48:51,962 - root - INFO - 3 (1A): 9 bytes
2019-09-29 12:48:51,962 - root - INFO -     1 ( A): 5 bytes
2019-09-29 12:48:51,962 - root - INFO -         1 ( 8): 186 BA
2019-09-29 12:48:51,962 - root - INFO -         2 (10): 83 53
2019-09-29 12:48:51,962 - root - INFO -     2 (10): 43 2B
2019-09-29 12:48:51,962 - root - INFO - 4 (22): 9 bytes
2019-09-29 12:48:51,962 - root - INFO -     1 ( A): 5 bytes
2019-09-29 12:48:51,962 - root - INFO -         1 ( 8): 221 DD
2019-09-29 12:48:51,962 - root - INFO -         2 (10): 81 51
2019-09-29 12:48:51,962 - root - INFO -     2 (10): 44 2C
2019-09-29 12:48:51,962 - root - INFO - Reading descriptor for parameter 9
2019-09-29 12:48:51,962 - root - INFO - Descriptor offset: 261, Descriptor length: 34
2019-09-29 12:48:51,962 - root - INFO - Parsing descriptor for parameter 9...
2019-09-29 12:48:51,962 - root - INFO - 1 ( A): 20 bytes
2019-09-29 12:48:51,962 - root - INFO -     1 ( 8): 276 114
2019-09-29 12:48:51,962 - root - INFO -     2 (10): 310 136
2019-09-29 12:48:51,962 - root - INFO -     3 (18): 309 135
2019-09-29 12:48:51,963 - root - INFO -     4 (20): 324 144
2019-09-29 12:48:51,963 - root - INFO -     5 (28): 20 14
2019-09-29 12:48:51,963 - root - INFO -     6 (30): 0  0
2019-09-29 12:48:51,963 - root - INFO -     7 (38): 12  C
2019-09-29 12:48:51,963 - root - INFO -     8 (40): 10  A
2019-09-29 12:48:51,963 - root - INFO - 2 (12): 10 bytes
2019-09-29 12:48:51,963 - root - INFO -     1 ( 8): 227 E3
2019-09-29 12:48:51,963 - root - INFO -     2 (10): 277 115
2019-09-29 12:48:51,963 - root - INFO -     3 (18): 45 2D
2019-09-29 12:48:51,963 - root - INFO -     4 (20): 11  B
2019-09-29 12:48:51,963 - root - INFO - Reading descriptor for parameter 10
2019-09-29 12:48:51,963 - root - INFO - Descriptor offset: 295, Descriptor length: 81
2019-09-29 12:48:51,963 - root - INFO - Parsing descriptor for parameter 10...
2019-09-29 12:48:51,963 - root - INFO - 1 ( A): 25 bytes
2019-09-29 12:48:51,963 - root - INFO -     1 ( 8): 0  0
2019-09-29 12:48:51,963 - root - INFO -     2 (10): 0  0
2019-09-29 12:48:51,963 - root - INFO -     3 (1A): 4 bytes
2019-09-29 12:48:51,963 - root - INFO -         1 ( 8): 0  0
2019-09-29 12:48:51,963 - root - INFO -         2 (10): 0  0
2019-09-29 12:48:51,963 - root - INFO -     4 (22): 4 bytes
2019-09-29 12:48:51,963 - root - INFO -         1 ( 8): 0  0
2019-09-29 12:48:51,963 - root - INFO -         2 (10): 0  0
2019-09-29 12:48:51,964 - root - INFO -     5 (2A): 7 bytes
2019-09-29 12:48:51,964 - root - INFO -         1 ( 8): 22 16
2019-09-29 12:48:51,964 - root - INFO -         2 (10): 159 9F
2019-09-29 12:48:51,964 - root - INFO -         3 (18): 56 38
2019-09-29 12:48:51,964 - root - INFO - 2 (12): 25 bytes
2019-09-29 12:48:51,964 - root - INFO -     1 ( 8): 0  0
2019-09-29 12:48:51,964 - root - INFO -     2 (10): 0  0
2019-09-29 12:48:51,964 - root - INFO -     3 (1A): 4 bytes
2019-09-29 12:48:51,964 - root - INFO -         1 ( 8): 0  0
2019-09-29 12:48:51,964 - root - INFO -         2 (10): 0  0
2019-09-29 12:48:51,964 - root - INFO -     4 (22): 4 bytes
2019-09-29 12:48:51,964 - root - INFO -         1 ( 8): 0  0
2019-09-29 12:48:51,964 - root - INFO -         2 (10): 0  0
2019-09-29 12:48:51,964 - root - INFO -     5 (2A): 7 bytes
2019-09-29 12:48:51,964 - root - INFO -         1 ( 8): 21 15
2019-09-29 12:48:51,964 - root - INFO -         2 (10): 193 C1
2019-09-29 12:48:51,964 - root - INFO -         3 (18): 57 39
2019-09-29 12:48:51,964 - root - INFO - 3 (1A): 25 bytes
2019-09-29 12:48:51,964 - root - INFO -     1 ( 8): 0  0
2019-09-29 12:48:51,964 - root - INFO -     2 (10): 0  0
2019-09-29 12:48:51,964 - root - INFO -     3 (1A): 4 bytes
2019-09-29 12:48:51,965 - root - INFO -         1 ( 8): 0  0
2019-09-29 12:48:51,965 - root - INFO -         2 (10): 0  0
2019-09-29 12:48:51,965 - root - INFO -     4 (22): 4 bytes
2019-09-29 12:48:51,965 - root - INFO -         1 ( 8): 0  0
2019-09-29 12:48:51,965 - root - INFO -         2 (10): 0  0
2019-09-29 12:48:51,965 - root - INFO -     5 (2A): 7 bytes
2019-09-29 12:48:51,965 - root - INFO -         1 ( 8): 16 10
2019-09-29 12:48:51,965 - root - INFO -         2 (10): 210 D2
2019-09-29 12:48:51,965 - root - INFO -         3 (18): 58 3A
2019-09-29 12:48:51,965 - root - INFO - Reading resources offsets table with 59 elements (236 bytes)
2019-09-29 12:48:51,965 - root - INFO - Resource 0 offset: 740, length: 824488...
2019-09-29 12:48:51,966 - root - WARNING - Found 4 bytes gap before resource number 0
2019-09-29 12:48:51,966 - root - DEBUG - Reading resource 0...
2019-09-29 12:48:51,975 - root - WARNING - The image is 32bit.
2019-09-29 12:48:51,975 - root - INFO - Reading image header(non-bip)...
2019-09-29 12:48:51,975 - root - INFO - Image header was read:
2019-09-29 12:48:51,975 - root - INFO - Width: 454, Height: 454, RowLength: 1816
2019-09-29 12:48:51,975 - root - INFO - BPP: 32, Transparency: False
2019-09-29 12:48:52,381 - root - INFO - Resource 1 offset: 825228, length: 283048...
2019-09-29 12:48:52,381 - root - DEBUG - Reading resource 1...
2019-09-29 12:48:52,381 - root - WARNING - The image is 32bit.
2019-09-29 12:48:52,381 - root - INFO - Reading image header(non-bip)...
2019-09-29 12:48:52,381 - root - INFO - Image header was read:
2019-09-29 12:48:52,381 - root - INFO - Width: 266, Height: 266, RowLength: 1064
2019-09-29 12:48:52,381 - root - INFO - BPP: 32, Transparency: False
2019-09-29 12:48:52,518 - root - INFO - Resource 2 offset: 1108276, length: 7824...
2019-09-29 12:48:52,518 - root - DEBUG - Reading resource 2...
2019-09-29 12:48:52,518 - root - WARNING - The image is 32bit.
2019-09-29 12:48:52,518 - root - INFO - Reading image header(non-bip)...
2019-09-29 12:48:52,518 - root - INFO - Image header was read:
2019-09-29 12:48:52,518 - root - INFO - Width: 39, Height: 50, RowLength: 156
2019-09-29 12:48:52,518 - root - INFO - BPP: 32, Transparency: False
2019-09-29 12:48:52,522 - root - INFO - Resource 3 offset: 1116100, length: 7824...
2019-09-29 12:48:52,522 - root - DEBUG - Reading resource 3...
2019-09-29 12:48:52,522 - root - WARNING - The image is 32bit.
2019-09-29 12:48:52,522 - root - INFO - Reading image header(non-bip)...
2019-09-29 12:48:52,522 - root - INFO - Image header was read:
2019-09-29 12:48:52,522 - root - INFO - Width: 39, Height: 50, RowLength: 156
2019-09-29 12:48:52,522 - root - INFO - BPP: 32, Transparency: False
2019-09-29 12:48:52,526 - root - INFO - Resource 4 offset: 1123924, length: 7824...
2019-09-29 12:48:52,526 - root - DEBUG - Reading resource 4...
2019-09-29 12:48:52,526 - root - WARNING - The image is 32bit.
2019-09-29 12:48:52,526 - root - INFO - Reading image header(non-bip)...
2019-09-29 12:48:52,526 - root - INFO - Image header was read:
2019-09-29 12:48:52,526 - root - INFO - Width: 39, Height: 50, RowLength: 156
2019-09-29 12:48:52,526 - root - INFO - BPP: 32, Transparency: False
2019-09-29 12:48:52,530 - root - INFO - Resource 5 offset: 1131748, length: 7824...
2019-09-29 12:48:52,530 - root - DEBUG - Reading resource 5...
2019-09-29 12:48:52,530 - root - WARNING - The image is 32bit.
2019-09-29 12:48:52,530 - root - INFO - Reading image header(non-bip)...
2019-09-29 12:48:52,530 - root - INFO - Image header was read:
2019-09-29 12:48:52,530 - root - INFO - Width: 39, Height: 50, RowLength: 156
2019-09-29 12:48:52,530 - root - INFO - BPP: 32, Transparency: False
2019-09-29 12:48:52,534 - root - INFO - Resource 6 offset: 1139572, length: 7824...
2019-09-29 12:48:52,534 - root - DEBUG - Reading resource 6...
2019-09-29 12:48:52,534 - root - WARNING - The image is 32bit.
2019-09-29 12:48:52,534 - root - INFO - Reading image header(non-bip)...
2019-09-29 12:48:52,534 - root - INFO - Image header was read:
2019-09-29 12:48:52,534 - root - INFO - Width: 39, Height: 50, RowLength: 156
2019-09-29 12:48:52,534 - root - INFO - BPP: 32, Transparency: False
2019-09-29 12:48:52,537 - root - INFO - Resource 7 offset: 1147396, length: 7824...
2019-09-29 12:48:52,538 - root - DEBUG - Reading resource 7...
2019-09-29 12:48:52,538 - root - WARNING - The image is 32bit.
2019-09-29 12:48:52,538 - root - INFO - Reading image header(non-bip)...
2019-09-29 12:48:52,538 - root - INFO - Image header was read:
2019-09-29 12:48:52,538 - root - INFO - Width: 39, Height: 50, RowLength: 156
2019-09-29 12:48:52,538 - root - INFO - BPP: 32, Transparency: False
2019-09-29 12:48:52,541 - root - INFO - Resource 8 offset: 1155220, length: 7824...
2019-09-29 12:48:52,541 - root - DEBUG - Reading resource 8...
2019-09-29 12:48:52,541 - root - WARNING - The image is 32bit.
2019-09-29 12:48:52,541 - root - INFO - Reading image header(non-bip)...
2019-09-29 12:48:52,541 - root - INFO - Image header was read:
2019-09-29 12:48:52,541 - root - INFO - Width: 39, Height: 50, RowLength: 156
2019-09-29 12:48:52,541 - root - INFO - BPP: 32, Transparency: False
2019-09-29 12:48:52,545 - root - INFO - Resource 9 offset: 1163044, length: 7824...
2019-09-29 12:48:52,545 - root - DEBUG - Reading resource 9...
2019-09-29 12:48:52,545 - root - WARNING - The image is 32bit.
2019-09-29 12:48:52,545 - root - INFO - Reading image header(non-bip)...
2019-09-29 12:48:52,545 - root - INFO - Image header was read:
2019-09-29 12:48:52,545 - root - INFO - Width: 39, Height: 50, RowLength: 156
2019-09-29 12:48:52,545 - root - INFO - BPP: 32, Transparency: False
2019-09-29 12:48:52,549 - root - INFO - Resource 10 offset: 1170868, length: 7824...
2019-09-29 12:48:52,549 - root - DEBUG - Reading resource 10...
2019-09-29 12:48:52,549 - root - WARNING - The image is 32bit.
2019-09-29 12:48:52,549 - root - INFO - Reading image header(non-bip)...
2019-09-29 12:48:52,549 - root - INFO - Image header was read:
2019-09-29 12:48:52,549 - root - INFO - Width: 39, Height: 50, RowLength: 156
2019-09-29 12:48:52,549 - root - INFO - BPP: 32, Transparency: False
2019-09-29 12:48:52,552 - root - INFO - Resource 11 offset: 1178692, length: 7824...
2019-09-29 12:48:52,552 - root - DEBUG - Reading resource 11...
2019-09-29 12:48:52,552 - root - WARNING - The image is 32bit.
2019-09-29 12:48:52,552 - root - INFO - Reading image header(non-bip)...
2019-09-29 12:48:52,552 - root - INFO - Image header was read:
2019-09-29 12:48:52,553 - root - INFO - Width: 39, Height: 50, RowLength: 156
2019-09-29 12:48:52,553 - root - INFO - BPP: 32, Transparency: False
2019-09-29 12:48:52,556 - root - INFO - Resource 12 offset: 1186516, length: 804...
2019-09-29 12:48:52,556 - root - DEBUG - Reading resource 12...
2019-09-29 12:48:52,556 - root - WARNING - The image is 32bit.
2019-09-29 12:48:52,556 - root - INFO - Reading image header(non-bip)...
2019-09-29 12:48:52,556 - root - INFO - Image header was read:
2019-09-29 12:48:52,556 - root - INFO - Width: 13, Height: 15, RowLength: 52
2019-09-29 12:48:52,556 - root - INFO - BPP: 32, Transparency: False
2019-09-29 12:48:52,557 - root - INFO - Resource 13 offset: 1187320, length: 444...
2019-09-29 12:48:52,557 - root - DEBUG - Reading resource 13...
2019-09-29 12:48:52,557 - root - WARNING - The image is 32bit.
2019-09-29 12:48:52,557 - root - INFO - Reading image header(non-bip)...
2019-09-29 12:48:52,557 - root - INFO - Image header was read:
2019-09-29 12:48:52,557 - root - INFO - Width: 7, Height: 15, RowLength: 28
2019-09-29 12:48:52,557 - root - INFO - BPP: 32, Transparency: False
2019-09-29 12:48:52,557 - root - INFO - Resource 14 offset: 1187764, length: 684...
2019-09-29 12:48:52,557 - root - DEBUG - Reading resource 14...
2019-09-29 12:48:52,557 - root - WARNING - The image is 32bit.
2019-09-29 12:48:52,557 - root - INFO - Reading image header(non-bip)...
2019-09-29 12:48:52,557 - root - INFO - Image header was read:
2019-09-29 12:48:52,557 - root - INFO - Width: 11, Height: 15, RowLength: 44
2019-09-29 12:48:52,557 - root - INFO - BPP: 32, Transparency: False
2019-09-29 12:48:52,558 - root - INFO - Resource 15 offset: 1188448, length: 684...
2019-09-29 12:48:52,558 - root - DEBUG - Reading resource 15...
2019-09-29 12:48:52,558 - root - WARNING - The image is 32bit.
2019-09-29 12:48:52,558 - root - INFO - Reading image header(non-bip)...
2019-09-29 12:48:52,558 - root - INFO - Image header was read:
2019-09-29 12:48:52,558 - root - INFO - Width: 11, Height: 15, RowLength: 44
2019-09-29 12:48:52,558 - root - INFO - BPP: 32, Transparency: False
2019-09-29 12:48:52,558 - root - INFO - Resource 16 offset: 1189132, length: 804...
2019-09-29 12:48:52,558 - root - DEBUG - Reading resource 16...
2019-09-29 12:48:52,558 - root - WARNING - The image is 32bit.
2019-09-29 12:48:52,558 - root - INFO - Reading image header(non-bip)...
2019-09-29 12:48:52,558 - root - INFO - Image header was read:
2019-09-29 12:48:52,558 - root - INFO - Width: 13, Height: 15, RowLength: 52
2019-09-29 12:48:52,558 - root - INFO - BPP: 32, Transparency: False
2019-09-29 12:48:52,559 - root - INFO - Resource 17 offset: 1189936, length: 684...
2019-09-29 12:48:52,559 - root - DEBUG - Reading resource 17...
2019-09-29 12:48:52,559 - root - WARNING - The image is 32bit.
2019-09-29 12:48:52,559 - root - INFO - Reading image header(non-bip)...
2019-09-29 12:48:52,559 - root - INFO - Image header was read:
2019-09-29 12:48:52,559 - root - INFO - Width: 11, Height: 15, RowLength: 44
2019-09-29 12:48:52,559 - root - INFO - BPP: 32, Transparency: False
2019-09-29 12:48:52,559 - root - INFO - Resource 18 offset: 1190620, length: 684...
2019-09-29 12:48:52,559 - root - DEBUG - Reading resource 18...
2019-09-29 12:48:52,559 - root - WARNING - The image is 32bit.
2019-09-29 12:48:52,560 - root - INFO - Reading image header(non-bip)...
2019-09-29 12:48:52,560 - root - INFO - Image header was read:
2019-09-29 12:48:52,560 - root - INFO - Width: 11, Height: 15, RowLength: 44
2019-09-29 12:48:52,560 - root - INFO - BPP: 32, Transparency: False
2019-09-29 12:48:52,560 - root - INFO - Resource 19 offset: 1191304, length: 684...
2019-09-29 12:48:52,560 - root - DEBUG - Reading resource 19...
2019-09-29 12:48:52,560 - root - WARNING - The image is 32bit.
2019-09-29 12:48:52,560 - root - INFO - Reading image header(non-bip)...
2019-09-29 12:48:52,560 - root - INFO - Image header was read:
2019-09-29 12:48:52,560 - root - INFO - Width: 11, Height: 15, RowLength: 44
2019-09-29 12:48:52,560 - root - INFO - BPP: 32, Transparency: False
2019-09-29 12:48:52,561 - root - INFO - Resource 20 offset: 1191988, length: 684...
2019-09-29 12:48:52,561 - root - DEBUG - Reading resource 20...
2019-09-29 12:48:52,561 - root - WARNING - The image is 32bit.
2019-09-29 12:48:52,561 - root - INFO - Reading image header(non-bip)...
2019-09-29 12:48:52,561 - root - INFO - Image header was read:
2019-09-29 12:48:52,561 - root - INFO - Width: 11, Height: 15, RowLength: 44
2019-09-29 12:48:52,561 - root - INFO - BPP: 32, Transparency: False
2019-09-29 12:48:52,561 - root - INFO - Resource 21 offset: 1192672, length: 684...
2019-09-29 12:48:52,561 - root - DEBUG - Reading resource 21...
2019-09-29 12:48:52,561 - root - WARNING - The image is 32bit.
2019-09-29 12:48:52,561 - root - INFO - Reading image header(non-bip)...
2019-09-29 12:48:52,561 - root - INFO - Image header was read:
2019-09-29 12:48:52,561 - root - INFO - Width: 11, Height: 15, RowLength: 44
2019-09-29 12:48:52,561 - root - INFO - BPP: 32, Transparency: False
2019-09-29 12:48:52,562 - root - INFO - Resource 22 offset: 1193356, length: 1176...
2019-09-29 12:48:52,562 - root - DEBUG - Reading resource 22...
2019-09-29 12:48:52,562 - root - WARNING - The image is 32bit.
2019-09-29 12:48:52,562 - root - INFO - Reading image header(non-bip)...
2019-09-29 12:48:52,562 - root - INFO - Image header was read:
2019-09-29 12:48:52,562 - root - INFO - Width: 16, Height: 18, RowLength: 64
2019-09-29 12:48:52,562 - root - INFO - BPP: 32, Transparency: False
2019-09-29 12:48:52,562 - root - INFO - Resource 23 offset: 1194532, length: 600...
2019-09-29 12:48:52,563 - root - DEBUG - Reading resource 23...
2019-09-29 12:48:52,563 - root - WARNING - The image is 32bit.
2019-09-29 12:48:52,563 - root - INFO - Reading image header(non-bip)...
2019-09-29 12:48:52,563 - root - INFO - Image header was read:
2019-09-29 12:48:52,563 - root - INFO - Width: 8, Height: 18, RowLength: 32
2019-09-29 12:48:52,563 - root - INFO - BPP: 32, Transparency: False
2019-09-29 12:48:52,563 - root - INFO - Resource 24 offset: 1195132, length: 960...
2019-09-29 12:48:52,563 - root - DEBUG - Reading resource 24...
2019-09-29 12:48:52,563 - root - WARNING - The image is 32bit.
2019-09-29 12:48:52,563 - root - INFO - Reading image header(non-bip)...
2019-09-29 12:48:52,563 - root - INFO - Image header was read:
2019-09-29 12:48:52,563 - root - INFO - Width: 13, Height: 18, RowLength: 52
2019-09-29 12:48:52,563 - root - INFO - BPP: 32, Transparency: False
2019-09-29 12:48:52,564 - root - INFO - Resource 25 offset: 1196092, length: 960...
2019-09-29 12:48:52,564 - root - DEBUG - Reading resource 25...
2019-09-29 12:48:52,564 - root - WARNING - The image is 32bit.
2019-09-29 12:48:52,564 - root - INFO - Reading image header(non-bip)...
2019-09-29 12:48:52,564 - root - INFO - Image header was read:
2019-09-29 12:48:52,564 - root - INFO - Width: 13, Height: 18, RowLength: 52
2019-09-29 12:48:52,564 - root - INFO - BPP: 32, Transparency: False
2019-09-29 12:48:52,564 - root - INFO - Resource 26 offset: 1197052, length: 1104...
2019-09-29 12:48:52,564 - root - DEBUG - Reading resource 26...
2019-09-29 12:48:52,564 - root - WARNING - The image is 32bit.
2019-09-29 12:48:52,565 - root - INFO - Reading image header(non-bip)...
2019-09-29 12:48:52,565 - root - INFO - Image header was read:
2019-09-29 12:48:52,565 - root - INFO - Width: 15, Height: 18, RowLength: 60
2019-09-29 12:48:52,565 - root - INFO - BPP: 32, Transparency: False
2019-09-29 12:48:52,565 - root - INFO - Resource 27 offset: 1198156, length: 960...
2019-09-29 12:48:52,565 - root - DEBUG - Reading resource 27...
2019-09-29 12:48:52,565 - root - WARNING - The image is 32bit.
2019-09-29 12:48:52,565 - root - INFO - Reading image header(non-bip)...
2019-09-29 12:48:52,565 - root - INFO - Image header was read:
2019-09-29 12:48:52,565 - root - INFO - Width: 13, Height: 18, RowLength: 52
2019-09-29 12:48:52,565 - root - INFO - BPP: 32, Transparency: False
2019-09-29 12:48:52,566 - root - INFO - Resource 28 offset: 1199116, length: 1032...
2019-09-29 12:48:52,566 - root - DEBUG - Reading resource 28...
2019-09-29 12:48:52,566 - root - WARNING - The image is 32bit.
2019-09-29 12:48:52,566 - root - INFO - Reading image header(non-bip)...
2019-09-29 12:48:52,566 - root - INFO - Image header was read:
2019-09-29 12:48:52,566 - root - INFO - Width: 14, Height: 18, RowLength: 56
2019-09-29 12:48:52,566 - root - INFO - BPP: 32, Transparency: False
2019-09-29 12:48:52,567 - root - INFO - Resource 29 offset: 1200148, length: 960...
2019-09-29 12:48:52,567 - root - DEBUG - Reading resource 29...
2019-09-29 12:48:52,567 - root - WARNING - The image is 32bit.
2019-09-29 12:48:52,567 - root - INFO - Reading image header(non-bip)...
2019-09-29 12:48:52,567 - root - INFO - Image header was read:
2019-09-29 12:48:52,567 - root - INFO - Width: 13, Height: 18, RowLength: 52
2019-09-29 12:48:52,567 - root - INFO - BPP: 32, Transparency: False
2019-09-29 12:48:52,567 - root - INFO - Resource 30 offset: 1201108, length: 1032...
2019-09-29 12:48:52,567 - root - DEBUG - Reading resource 30...
2019-09-29 12:48:52,567 - root - WARNING - The image is 32bit.
2019-09-29 12:48:52,567 - root - INFO - Reading image header(non-bip)...
2019-09-29 12:48:52,567 - root - INFO - Image header was read:
2019-09-29 12:48:52,567 - root - INFO - Width: 14, Height: 18, RowLength: 56
2019-09-29 12:48:52,568 - root - INFO - BPP: 32, Transparency: False
2019-09-29 12:48:52,568 - root - INFO - Resource 31 offset: 1202140, length: 1032...
2019-09-29 12:48:52,568 - root - DEBUG - Reading resource 31...
2019-09-29 12:48:52,568 - root - WARNING - The image is 32bit.
2019-09-29 12:48:52,568 - root - INFO - Reading image header(non-bip)...
2019-09-29 12:48:52,568 - root - INFO - Image header was read:
2019-09-29 12:48:52,568 - root - INFO - Width: 14, Height: 18, RowLength: 56
2019-09-29 12:48:52,568 - root - INFO - BPP: 32, Transparency: False
2019-09-29 12:48:52,569 - root - INFO - Resource 32 offset: 1203172, length: 120...
2019-09-29 12:48:52,569 - root - DEBUG - Reading resource 32...
2019-09-29 12:48:52,569 - root - WARNING - The image is 32bit.
2019-09-29 12:48:52,569 - root - INFO - Reading image header(non-bip)...
2019-09-29 12:48:52,569 - root - INFO - Image header was read:
2019-09-29 12:48:52,569 - root - INFO - Width: 4, Height: 6, RowLength: 16
2019-09-29 12:48:52,569 - root - INFO - BPP: 32, Transparency: False
2019-09-29 12:48:52,569 - root - INFO - Resource 33 offset: 1203292, length: 264...
2019-09-29 12:48:52,569 - root - DEBUG - Reading resource 33...
2019-09-29 12:48:52,569 - root - WARNING - The image is 32bit.
2019-09-29 12:48:52,569 - root - INFO - Reading image header(non-bip)...
2019-09-29 12:48:52,569 - root - INFO - Image header was read:
2019-09-29 12:48:52,569 - root - INFO - Width: 4, Height: 15, RowLength: 16
2019-09-29 12:48:52,569 - root - INFO - BPP: 32, Transparency: False
2019-09-29 12:48:52,569 - root - INFO - Resource 34 offset: 1203556, length: 600...
2019-09-29 12:48:52,569 - root - DEBUG - Reading resource 34...
2019-09-29 12:48:52,569 - root - WARNING - The image is 32bit.
2019-09-29 12:48:52,570 - root - INFO - Reading image header(non-bip)...
2019-09-29 12:48:52,570 - root - INFO - Image header was read:
2019-09-29 12:48:52,570 - root - INFO - Width: 8, Height: 18, RowLength: 32
2019-09-29 12:48:52,570 - root - INFO - BPP: 32, Transparency: False
2019-09-29 12:48:52,570 - root - INFO - Resource 35 offset: 1204156, length: 55720...
2019-09-29 12:48:52,570 - root - DEBUG - Reading resource 35...
2019-09-29 12:48:52,570 - root - WARNING - The image is 32bit.
2019-09-29 12:48:52,570 - root - INFO - Reading image header(non-bip)...
2019-09-29 12:48:52,570 - root - INFO - Image header was read:
2019-09-29 12:48:52,570 - root - INFO - Width: 118, Height: 118, RowLength: 472
2019-09-29 12:48:52,570 - root - INFO - BPP: 32, Transparency: False
2019-09-29 12:48:52,595 - root - INFO - Resource 36 offset: 1259876, length: 55720...
2019-09-29 12:48:52,595 - root - DEBUG - Reading resource 36...
2019-09-29 12:48:52,595 - root - WARNING - The image is 32bit.
2019-09-29 12:48:52,595 - root - INFO - Reading image header(non-bip)...
2019-09-29 12:48:52,595 - root - INFO - Image header was read:
2019-09-29 12:48:52,595 - root - INFO - Width: 118, Height: 118, RowLength: 472
2019-09-29 12:48:52,595 - root - INFO - BPP: 32, Transparency: False
2019-09-29 12:48:52,621 - root - INFO - Resource 37 offset: 1315596, length: 55720...
2019-09-29 12:48:52,621 - root - DEBUG - Reading resource 37...
2019-09-29 12:48:52,621 - root - WARNING - The image is 32bit.
2019-09-29 12:48:52,621 - root - INFO - Reading image header(non-bip)...
2019-09-29 12:48:52,621 - root - INFO - Image header was read:
2019-09-29 12:48:52,621 - root - INFO - Width: 118, Height: 118, RowLength: 472
2019-09-29 12:48:52,621 - root - INFO - BPP: 32, Transparency: False
2019-09-29 12:48:52,646 - root - INFO - Resource 38 offset: 1371316, length: 55720...
2019-09-29 12:48:52,646 - root - DEBUG - Reading resource 38...
2019-09-29 12:48:52,647 - root - WARNING - The image is 32bit.
2019-09-29 12:48:52,647 - root - INFO - Reading image header(non-bip)...
2019-09-29 12:48:52,647 - root - INFO - Image header was read:
2019-09-29 12:48:52,647 - root - INFO - Width: 118, Height: 118, RowLength: 472
2019-09-29 12:48:52,647 - root - INFO - BPP: 32, Transparency: False
2019-09-29 12:48:52,674 - root - INFO - Resource 39 offset: 1427036, length: 55720...
2019-09-29 12:48:52,674 - root - DEBUG - Reading resource 39...
2019-09-29 12:48:52,674 - root - WARNING - The image is 32bit.
2019-09-29 12:48:52,674 - root - INFO - Reading image header(non-bip)...
2019-09-29 12:48:52,674 - root - INFO - Image header was read:
2019-09-29 12:48:52,674 - root - INFO - Width: 118, Height: 118, RowLength: 472
2019-09-29 12:48:52,674 - root - INFO - BPP: 32, Transparency: False
2019-09-29 12:48:52,699 - root - INFO - Resource 40 offset: 1482756, length: 55720...
2019-09-29 12:48:52,699 - root - DEBUG - Reading resource 40...
2019-09-29 12:48:52,699 - root - WARNING - The image is 32bit.
2019-09-29 12:48:52,699 - root - INFO - Reading image header(non-bip)...
2019-09-29 12:48:52,699 - root - INFO - Image header was read:
2019-09-29 12:48:52,699 - root - INFO - Width: 118, Height: 118, RowLength: 472
2019-09-29 12:48:52,699 - root - INFO - BPP: 32, Transparency: False
2019-09-29 12:48:52,725 - root - INFO - Resource 41 offset: 1538476, length: 55720...
2019-09-29 12:48:52,725 - root - DEBUG - Reading resource 41...
2019-09-29 12:48:52,725 - root - WARNING - The image is 32bit.
2019-09-29 12:48:52,725 - root - INFO - Reading image header(non-bip)...
2019-09-29 12:48:52,725 - root - INFO - Image header was read:
2019-09-29 12:48:52,725 - root - INFO - Width: 118, Height: 118, RowLength: 472
2019-09-29 12:48:52,725 - root - INFO - BPP: 32, Transparency: False
2019-09-29 12:48:52,750 - root - INFO - Resource 42 offset: 1594196, length: 924...
2019-09-29 12:48:52,750 - root - DEBUG - Reading resource 42...
2019-09-29 12:48:52,750 - root - WARNING - The image is 32bit.
2019-09-29 12:48:52,750 - root - INFO - Reading image header(non-bip)...
2019-09-29 12:48:52,750 - root - INFO - Image header was read:
2019-09-29 12:48:52,750 - root - INFO - Width: 15, Height: 15, RowLength: 60
2019-09-29 12:48:52,751 - root - INFO - BPP: 32, Transparency: False
2019-09-29 12:48:52,751 - root - INFO - Resource 43 offset: 1595120, length: 924...
2019-09-29 12:48:52,751 - root - DEBUG - Reading resource 43...
2019-09-29 12:48:52,751 - root - WARNING - The image is 32bit.
2019-09-29 12:48:52,751 - root - INFO - Reading image header(non-bip)...
2019-09-29 12:48:52,751 - root - INFO - Image header was read:
2019-09-29 12:48:52,751 - root - INFO - Width: 15, Height: 15, RowLength: 60
2019-09-29 12:48:52,751 - root - INFO - BPP: 32, Transparency: False
2019-09-29 12:48:52,752 - root - INFO - Resource 44 offset: 1596044, length: 908...
2019-09-29 12:48:52,752 - root - DEBUG - Reading resource 44...
2019-09-29 12:48:52,752 - root - WARNING - The image is 32bit.
2019-09-29 12:48:52,752 - root - INFO - Reading image header(non-bip)...
2019-09-29 12:48:52,752 - root - INFO - Image header was read:
2019-09-29 12:48:52,752 - root - INFO - Width: 13, Height: 17, RowLength: 52
2019-09-29 12:48:52,752 - root - INFO - BPP: 32, Transparency: False
2019-09-29 12:48:52,752 - root - INFO - Resource 45 offset: 1596952, length: 120...
2019-09-29 12:48:52,752 - root - DEBUG - Reading resource 45...
2019-09-29 12:48:52,752 - root - WARNING - The image is 32bit.
2019-09-29 12:48:52,752 - root - INFO - Reading image header(non-bip)...
2019-09-29 12:48:52,752 - root - INFO - Image header was read:
2019-09-29 12:48:52,752 - root - INFO - Width: 4, Height: 6, RowLength: 16
2019-09-29 12:48:52,753 - root - INFO - BPP: 32, Transparency: False
2019-09-29 12:48:52,753 - root - INFO - Resource 46 offset: 1597072, length: 19036...
2019-09-29 12:48:52,753 - root - DEBUG - Reading resource 46...
2019-09-29 12:48:52,753 - root - WARNING - The image is 32bit.
2019-09-29 12:48:52,753 - root - INFO - Reading image header(non-bip)...
2019-09-29 12:48:52,753 - root - INFO - Image header was read:
2019-09-29 12:48:52,753 - root - INFO - Width: 49, Height: 97, RowLength: 196
2019-09-29 12:48:52,753 - root - INFO - BPP: 32, Transparency: False
2019-09-29 12:48:52,761 - root - INFO - Resource 47 offset: 1616108, length: 19036...
2019-09-29 12:48:52,761 - root - DEBUG - Reading resource 47...
2019-09-29 12:48:52,761 - root - WARNING - The image is 32bit.
2019-09-29 12:48:52,761 - root - INFO - Reading image header(non-bip)...
2019-09-29 12:48:52,761 - root - INFO - Image header was read:
2019-09-29 12:48:52,761 - root - INFO - Width: 49, Height: 97, RowLength: 196
2019-09-29 12:48:52,761 - root - INFO - BPP: 32, Transparency: False
2019-09-29 12:48:52,770 - root - INFO - Resource 48 offset: 1635144, length: 19036...
2019-09-29 12:48:52,770 - root - DEBUG - Reading resource 48...
2019-09-29 12:48:52,770 - root - WARNING - The image is 32bit.
2019-09-29 12:48:52,770 - root - INFO - Reading image header(non-bip)...
2019-09-29 12:48:52,770 - root - INFO - Image header was read:
2019-09-29 12:48:52,770 - root - INFO - Width: 49, Height: 97, RowLength: 196
2019-09-29 12:48:52,770 - root - INFO - BPP: 32, Transparency: False
2019-09-29 12:48:52,778 - root - INFO - Resource 49 offset: 1654180, length: 19036...
2019-09-29 12:48:52,778 - root - DEBUG - Reading resource 49...
2019-09-29 12:48:52,778 - root - WARNING - The image is 32bit.
2019-09-29 12:48:52,779 - root - INFO - Reading image header(non-bip)...
2019-09-29 12:48:52,779 - root - INFO - Image header was read:
2019-09-29 12:48:52,779 - root - INFO - Width: 49, Height: 97, RowLength: 196
2019-09-29 12:48:52,779 - root - INFO - BPP: 32, Transparency: False
2019-09-29 12:48:52,787 - root - INFO - Resource 50 offset: 1673216, length: 19036...
2019-09-29 12:48:52,787 - root - DEBUG - Reading resource 50...
2019-09-29 12:48:52,787 - root - WARNING - The image is 32bit.
2019-09-29 12:48:52,787 - root - INFO - Reading image header(non-bip)...
2019-09-29 12:48:52,787 - root - INFO - Image header was read:
2019-09-29 12:48:52,787 - root - INFO - Width: 49, Height: 97, RowLength: 196
2019-09-29 12:48:52,787 - root - INFO - BPP: 32, Transparency: False
2019-09-29 12:48:52,796 - root - INFO - Resource 51 offset: 1692252, length: 19036...
2019-09-29 12:48:52,796 - root - DEBUG - Reading resource 51...
2019-09-29 12:48:52,796 - root - WARNING - The image is 32bit.
2019-09-29 12:48:52,796 - root - INFO - Reading image header(non-bip)...
2019-09-29 12:48:52,796 - root - INFO - Image header was read:
2019-09-29 12:48:52,796 - root - INFO - Width: 49, Height: 97, RowLength: 196
2019-09-29 12:48:52,796 - root - INFO - BPP: 32, Transparency: False
2019-09-29 12:48:52,805 - root - INFO - Resource 52 offset: 1711288, length: 19036...
2019-09-29 12:48:52,805 - root - DEBUG - Reading resource 52...
2019-09-29 12:48:52,805 - root - WARNING - The image is 32bit.
2019-09-29 12:48:52,805 - root - INFO - Reading image header(non-bip)...
2019-09-29 12:48:52,805 - root - INFO - Image header was read:
2019-09-29 12:48:52,805 - root - INFO - Width: 49, Height: 97, RowLength: 196
2019-09-29 12:48:52,805 - root - INFO - BPP: 32, Transparency: False
2019-09-29 12:48:52,813 - root - INFO - Resource 53 offset: 1730324, length: 19036...
2019-09-29 12:48:52,813 - root - DEBUG - Reading resource 53...
2019-09-29 12:48:52,813 - root - WARNING - The image is 32bit.
2019-09-29 12:48:52,813 - root - INFO - Reading image header(non-bip)...
2019-09-29 12:48:52,813 - root - INFO - Image header was read:
2019-09-29 12:48:52,813 - root - INFO - Width: 49, Height: 97, RowLength: 196
2019-09-29 12:48:52,813 - root - INFO - BPP: 32, Transparency: False
2019-09-29 12:48:52,822 - root - INFO - Resource 54 offset: 1749360, length: 19036...
2019-09-29 12:48:52,822 - root - DEBUG - Reading resource 54...
2019-09-29 12:48:52,822 - root - WARNING - The image is 32bit.
2019-09-29 12:48:52,822 - root - INFO - Reading image header(non-bip)...
2019-09-29 12:48:52,822 - root - INFO - Image header was read:
2019-09-29 12:48:52,822 - root - INFO - Width: 49, Height: 97, RowLength: 196
2019-09-29 12:48:52,822 - root - INFO - BPP: 32, Transparency: False
2019-09-29 12:48:52,830 - root - INFO - Resource 55 offset: 1768396, length: 19036...
2019-09-29 12:48:52,830 - root - DEBUG - Reading resource 55...
2019-09-29 12:48:52,831 - root - WARNING - The image is 32bit.
2019-09-29 12:48:52,831 - root - INFO - Reading image header(non-bip)...
2019-09-29 12:48:52,831 - root - INFO - Image header was read:
2019-09-29 12:48:52,831 - root - INFO - Width: 49, Height: 97, RowLength: 196
2019-09-29 12:48:52,831 - root - INFO - BPP: 32, Transparency: False
2019-09-29 12:48:52,839 - root - INFO - Resource 56 offset: 1787432, length: 31528...
2019-09-29 12:48:52,839 - root - DEBUG - Reading resource 56...
2019-09-29 12:48:52,839 - root - WARNING - The image is 32bit.
2019-09-29 12:48:52,839 - root - INFO - Reading image header(non-bip)...
2019-09-29 12:48:52,839 - root - INFO - Image header was read:
2019-09-29 12:48:52,839 - root - INFO - Width: 44, Height: 179, RowLength: 176
2019-09-29 12:48:52,839 - root - INFO - BPP: 32, Transparency: False
2019-09-29 12:48:52,854 - root - INFO - Resource 57 offset: 1818960, length: 36312...
2019-09-29 12:48:52,854 - root - DEBUG - Reading resource 57...
2019-09-29 12:48:52,854 - root - WARNING - The image is 32bit.
2019-09-29 12:48:52,854 - root - INFO - Reading image header(non-bip)...
2019-09-29 12:48:52,854 - root - INFO - Image header was read:
2019-09-29 12:48:52,854 - root - INFO - Width: 42, Height: 216, RowLength: 168
2019-09-29 12:48:52,854 - root - INFO - BPP: 32, Transparency: False
2019-09-29 12:48:52,870 - root - INFO - Resource 58 offset: 1855272, length: 30488...
2019-09-29 12:48:52,870 - root - DEBUG - Reading resource 58...
2019-09-29 12:48:52,870 - root - WARNING - The image is 32bit.
2019-09-29 12:48:52,870 - root - INFO - Reading image header(non-bip)...
2019-09-29 12:48:52,870 - root - INFO - Image header was read:
2019-09-29 12:48:52,870 - root - INFO - Width: 32, Height: 238, RowLength: 128
2019-09-29 12:48:52,870 - root - INFO - BPP: 32, Transparency: False
2019-09-29 12:48:52,884 - root - DEBUG - Parsing parameters...
2019-09-29 12:48:52,885 - root - DEBUG - generatePreviews
2019-09-29 12:48:52,885 - root - DEBUG - Generating previews...
2019-09-29 12:48:52,886 - root - DEBUG - Generating states done...
2019-09-29 12:48:53,118 - root - DEBUG - Generating static preview gen done...
2019-09-29 12:48:53,167 - root - DEBUG - Generating static preview save done...
2019-09-29 12:48:53,167 - root - DEBUG - Generating anim preview gen done...
2019-09-29 12:48:53,359 - root - DEBUG - generatePreviews done
2019-09-29 12:48:53,359 - root - DEBUG - Exporting resources to './marine_commander'
2019-09-29 12:48:53,360 - root - DEBUG - extracting ./marine_commander/0000.png...
2019-09-29 12:48:53,377 - root - DEBUG - extracting ./marine_commander/0001.png...
2019-09-29 12:48:53,389 - root - DEBUG - extracting ./marine_commander/0002.png...
2019-09-29 12:48:53,389 - root - DEBUG - extracting ./marine_commander/0003.png...
2019-09-29 12:48:53,390 - root - DEBUG - extracting ./marine_commander/0004.png...
2019-09-29 12:48:53,390 - root - DEBUG - extracting ./marine_commander/0005.png...
2019-09-29 12:48:53,390 - root - DEBUG - extracting ./marine_commander/0006.png...
2019-09-29 12:48:53,391 - root - DEBUG - extracting ./marine_commander/0007.png...
2019-09-29 12:48:53,391 - root - DEBUG - extracting ./marine_commander/0008.png...
2019-09-29 12:48:53,391 - root - DEBUG - extracting ./marine_commander/0009.png...
2019-09-29 12:48:53,392 - root - DEBUG - extracting ./marine_commander/0010.png...
2019-09-29 12:48:53,392 - root - DEBUG - extracting ./marine_commander/0011.png...
2019-09-29 12:48:53,393 - root - DEBUG - extracting ./marine_commander/0012.png...
2019-09-29 12:48:53,393 - root - DEBUG - extracting ./marine_commander/0013.png...
2019-09-29 12:48:53,393 - root - DEBUG - extracting ./marine_commander/0014.png...
2019-09-29 12:48:53,393 - root - DEBUG - extracting ./marine_commander/0015.png...
2019-09-29 12:48:53,393 - root - DEBUG - extracting ./marine_commander/0016.png...
2019-09-29 12:48:53,394 - root - DEBUG - extracting ./marine_commander/0017.png...
2019-09-29 12:48:53,394 - root - DEBUG - extracting ./marine_commander/0018.png...
2019-09-29 12:48:53,394 - root - DEBUG - extracting ./marine_commander/0019.png...
2019-09-29 12:48:53,394 - root - DEBUG - extracting ./marine_commander/0020.png...
2019-09-29 12:48:53,394 - root - DEBUG - extracting ./marine_commander/0021.png...
2019-09-29 12:48:53,395 - root - DEBUG - extracting ./marine_commander/0022.png...
2019-09-29 12:48:53,395 - root - DEBUG - extracting ./marine_commander/0023.png...
2019-09-29 12:48:53,395 - root - DEBUG - extracting ./marine_commander/0024.png...
2019-09-29 12:48:53,395 - root - DEBUG - extracting ./marine_commander/0025.png...
2019-09-29 12:48:53,395 - root - DEBUG - extracting ./marine_commander/0026.png...
2019-09-29 12:48:53,396 - root - DEBUG - extracting ./marine_commander/0027.png...
2019-09-29 12:48:53,396 - root - DEBUG - extracting ./marine_commander/0028.png...
2019-09-29 12:48:53,396 - root - DEBUG - extracting ./marine_commander/0029.png...
2019-09-29 12:48:53,396 - root - DEBUG - extracting ./marine_commander/0030.png...
2019-09-29 12:48:53,396 - root - DEBUG - extracting ./marine_commander/0031.png...
2019-09-29 12:48:53,397 - root - DEBUG - extracting ./marine_commander/0032.png...
2019-09-29 12:48:53,397 - root - DEBUG - extracting ./marine_commander/0033.png...
2019-09-29 12:48:53,397 - root - DEBUG - extracting ./marine_commander/0034.png...
2019-09-29 12:48:53,397 - root - DEBUG - extracting ./marine_commander/0035.png...
2019-09-29 12:48:53,400 - root - DEBUG - extracting ./marine_commander/0036.png...
2019-09-29 12:48:53,403 - root - DEBUG - extracting ./marine_commander/0037.png...
2019-09-29 12:48:53,406 - root - DEBUG - extracting ./marine_commander/0038.png...
2019-09-29 12:48:53,408 - root - DEBUG - extracting ./marine_commander/0039.png...
2019-09-29 12:48:53,411 - root - DEBUG - extracting ./marine_commander/0040.png...
2019-09-29 12:48:53,414 - root - DEBUG - extracting ./marine_commander/0041.png...
2019-09-29 12:48:53,417 - root - DEBUG - extracting ./marine_commander/0042.png...
2019-09-29 12:48:53,417 - root - DEBUG - extracting ./marine_commander/0043.png...
2019-09-29 12:48:53,418 - root - DEBUG - extracting ./marine_commander/0044.png...
2019-09-29 12:48:53,418 - root - DEBUG - extracting ./marine_commander/0045.png...
2019-09-29 12:48:53,418 - root - DEBUG - extracting ./marine_commander/0046.png...
2019-09-29 12:48:53,418 - root - DEBUG - extracting ./marine_commander/0047.png...
2019-09-29 12:48:53,419 - root - DEBUG - extracting ./marine_commander/0048.png...
2019-09-29 12:48:53,419 - root - DEBUG - extracting ./marine_commander/0049.png...
2019-09-29 12:48:53,420 - root - DEBUG - extracting ./marine_commander/0050.png...
2019-09-29 12:48:53,420 - root - DEBUG - extracting ./marine_commander/0051.png...
2019-09-29 12:48:53,421 - root - DEBUG - extracting ./marine_commander/0052.png...
2019-09-29 12:48:53,421 - root - DEBUG - extracting ./marine_commander/0053.png...
2019-09-29 12:48:53,422 - root - DEBUG - extracting ./marine_commander/0054.png...
2019-09-29 12:48:53,423 - root - DEBUG - extracting ./marine_commander/0055.png...
2019-09-29 12:48:53,423 - root - DEBUG - extracting ./marine_commander/0056.png...
2019-09-29 12:48:53,424 - root - DEBUG - extracting ./marine_commander/0057.png...
2019-09-29 12:48:53,425 - root - DEBUG - extracting ./marine_commander/0058.png...
2019-09-29 12:48:53,426 - root - DEBUG - Exporting config...
