2019-10-01 07:05:34,028 - root - DEBUG - Opening watch face './marine_commander_red_dots.bin'
2019-10-01 07:05:34,028 - root - DEBUG - Reading parameters...
2019-10-01 07:05:34,028 - root - INFO - Reading header...
2019-10-01 07:05:34,043 - root - INFO - Header was read:
2019-10-01 07:05:34,044 - root - INFO - Signature: b'HMDIAL\x00', Unknown: 94, ParametersSize: 60, isValid: True
2019-10-01 07:05:34,044 - root - INFO - Reading parameter offsets...
2019-10-01 07:05:34,044 - root - INFO - Parameter offsets were read from file
2019-10-01 07:05:34,044 - root - INFO - Reading parameters descriptor...
2019-10-01 07:05:34,044 - root - INFO - 1 ( A): 5 bytes
2019-10-01 07:05:34,044 - root - INFO -     1 ( 8): 377 179
2019-10-01 07:05:34,044 - root - INFO -     2 (10): 59 3B
2019-10-01 07:05:34,045 - root - INFO - getParameters descriptor was read:
2019-10-01 07:05:34,045 - root - INFO - ParametersTableLength: 377, ImagesCount: 59
2019-10-01 07:05:34,045 - root - INFO - Reading parameters locations...
2019-10-01 07:05:34,045 - root - INFO - 2 (12): 4 bytes
2019-10-01 07:05:34,045 - root - INFO -     1 ( 8): 0  0
2019-10-01 07:05:34,045 - root - INFO -     2 (10): 16 10
2019-10-01 07:05:34,045 - root - INFO - 3 (1A): 4 bytes
2019-10-01 07:05:34,045 - root - INFO -     1 ( 8): 16 10
2019-10-01 07:05:34,045 - root - INFO -     2 (10): 48 30
2019-10-01 07:05:34,045 - root - INFO - 4 (22): 4 bytes
2019-10-01 07:05:34,045 - root - INFO -     1 ( 8): 64 40
2019-10-01 07:05:34,046 - root - INFO -     2 (10): 94 5E
2019-10-01 07:05:34,046 - root - INFO - 5 (2A): 5 bytes
2019-10-01 07:05:34,046 - root - INFO -     1 ( 8): 158 9E
2019-10-01 07:05:34,046 - root - INFO -     2 (10): 44 2C
2019-10-01 07:05:34,046 - root - INFO - 7 (3A): 5 bytes
2019-10-01 07:05:34,046 - root - INFO -     1 ( 8): 202 CA
2019-10-01 07:05:34,046 - root - INFO -     2 (10): 27 1B
2019-10-01 07:05:34,046 - root - INFO - 8 (42): 5 bytes
2019-10-01 07:05:34,046 - root - INFO -     1 ( 8): 229 E5
2019-10-01 07:05:34,046 - root - INFO -     2 (10): 33 21
2019-10-01 07:05:34,046 - root - INFO - 9 (4A): 5 bytes
2019-10-01 07:05:34,047 - root - INFO -     1 ( 8): 262 106
2019-10-01 07:05:34,047 - root - INFO -     2 (10): 34 22
2019-10-01 07:05:34,047 - root - INFO - 10 (52): 5 bytes
2019-10-01 07:05:34,047 - root - INFO -     1 ( 8): 296 128
2019-10-01 07:05:34,047 - root - INFO -     2 (10): 81 51
2019-10-01 07:05:34,047 - root - INFO - Watch face parameters locations were read:
2019-10-01 07:05:34,047 - root - INFO - Reading descriptor for parameter 2
2019-10-01 07:05:34,047 - root - INFO - Descriptor offset: 0, Descriptor length: 16
2019-10-01 07:05:34,047 - root - INFO - Parsing descriptor for parameter 2...
2019-10-01 07:05:34,047 - root - INFO - 1 ( A): 6 bytes
2019-10-01 07:05:34,047 - root - INFO -     1 ( 8): 0  0
2019-10-01 07:05:34,048 - root - INFO -     2 (10): 0  0
2019-10-01 07:05:34,048 - root - INFO -     3 (18): 0  0
2019-10-01 07:05:34,048 - root - INFO - 3 (1A): 6 bytes
2019-10-01 07:05:34,048 - root - INFO -     1 ( 8): 0  0
2019-10-01 07:05:34,048 - root - INFO -     2 (10): 0  0
2019-10-01 07:05:34,048 - root - INFO -     3 (18): 1  1
2019-10-01 07:05:34,048 - root - INFO - Reading descriptor for parameter 3
2019-10-01 07:05:34,048 - root - INFO - Descriptor offset: 16, Descriptor length: 48
2019-10-01 07:05:34,048 - root - INFO - Parsing descriptor for parameter 3...
2019-10-01 07:05:34,048 - root - INFO - 1 ( A): 22 bytes
2019-10-01 07:05:34,048 - root - INFO -     1 ( A): 9 bytes
2019-10-01 07:05:34,049 - root - INFO -         1 ( 8): 136 88
2019-10-01 07:05:34,049 - root - INFO -         2 (10): 108 6C
2019-10-01 07:05:34,049 - root - INFO -         3 (18): 2  2
2019-10-01 07:05:34,049 - root - INFO -         4 (20): 10  A
2019-10-01 07:05:34,049 - root - INFO -     2 (12): 9 bytes
2019-10-01 07:05:34,049 - root - INFO -         1 ( 8): 178 B2
2019-10-01 07:05:34,049 - root - INFO -         2 (10): 108 6C
2019-10-01 07:05:34,049 - root - INFO -         3 (18): 2  2
2019-10-01 07:05:34,049 - root - INFO -         4 (20): 10  A
2019-10-01 07:05:34,049 - root - INFO - 2 (12): 22 bytes
2019-10-01 07:05:34,050 - root - INFO -     1 ( A): 9 bytes
2019-10-01 07:05:34,050 - root - INFO -         1 ( 8): 238 EE
2019-10-01 07:05:34,050 - root - INFO -         2 (10): 108 6C
2019-10-01 07:05:34,050 - root - INFO -         3 (18): 2  2
2019-10-01 07:05:34,050 - root - INFO -         4 (20): 10  A
2019-10-01 07:05:34,050 - root - INFO -     2 (12): 9 bytes
2019-10-01 07:05:34,050 - root - INFO -         1 ( 8): 282 11A
2019-10-01 07:05:34,050 - root - INFO -         2 (10): 108 6C
2019-10-01 07:05:34,050 - root - INFO -         3 (18): 2  2
2019-10-01 07:05:34,050 - root - INFO -         4 (20): 10  A
2019-10-01 07:05:34,050 - root - INFO - Reading descriptor for parameter 4
2019-10-01 07:05:34,051 - root - INFO - Descriptor offset: 64, Descriptor length: 94
2019-10-01 07:05:34,051 - root - INFO - Parsing descriptor for parameter 4...
2019-10-01 07:05:34,051 - root - INFO - 2 (12): 19 bytes
2019-10-01 07:05:34,051 - root - INFO -     1 ( 8): 89 59
2019-10-01 07:05:34,051 - root - INFO -     2 (10): 226 E2
2019-10-01 07:05:34,051 - root - INFO -     3 (18): 169 A9
2019-10-01 07:05:34,051 - root - INFO -     4 (20): 240 F0
2019-10-01 07:05:34,051 - root - INFO -     5 (28): 24 18
2019-10-01 07:05:34,051 - root - INFO -     6 (30): 0  0
2019-10-01 07:05:34,051 - root - INFO -     7 (38): 12  C
2019-10-01 07:05:34,051 - root - INFO -     8 (40): 10  A
2019-10-01 07:05:34,051 - root - INFO - 3 (1A): 19 bytes
2019-10-01 07:05:34,052 - root - INFO -     1 ( 8): 98 62
2019-10-01 07:05:34,052 - root - INFO -     2 (10): 198 C6
2019-10-01 07:05:34,052 - root - INFO -     3 (18): 160 A0
2019-10-01 07:05:34,052 - root - INFO -     4 (20): 215 D7
2019-10-01 07:05:34,052 - root - INFO -     5 (28): 24 18
2019-10-01 07:05:34,052 - root - INFO -     6 (30): 0  0
2019-10-01 07:05:34,052 - root - INFO -     7 (38): 22 16
2019-10-01 07:05:34,052 - root - INFO -     8 (40): 10  A
2019-10-01 07:05:34,052 - root - INFO - 4 (22): 26 bytes
2019-10-01 07:05:34,052 - root - INFO -     1 ( A): 20 bytes
2019-10-01 07:05:34,053 - root - INFO -         1 ( 8): 195 C3
2019-10-01 07:05:34,053 - root - INFO -         2 (10): 297 129
2019-10-01 07:05:34,053 - root - INFO -         3 (18): 259 103
2019-10-01 07:05:34,053 - root - INFO -         4 (20): 311 137
2019-10-01 07:05:34,053 - root - INFO -         5 (28): 24 18
2019-10-01 07:05:34,053 - root - INFO -         6 (30): 0  0
2019-10-01 07:05:34,053 - root - INFO -         7 (38): 12  C
2019-10-01 07:05:34,053 - root - INFO -         8 (40): 10  A
2019-10-01 07:05:34,053 - root - INFO -     2 (10): 32 20
2019-10-01 07:05:34,053 - root - INFO -     3 (18): 33 21
2019-10-01 07:05:34,053 - root - INFO - 5 (2A): 22 bytes
2019-10-01 07:05:34,054 - root - INFO -     1 ( A): 20 bytes
2019-10-01 07:05:34,054 - root - INFO -         1 ( 8): 187 BB
2019-10-01 07:05:34,054 - root - INFO -         2 (10): 323 143
2019-10-01 07:05:34,054 - root - INFO -         3 (18): 268 10C
2019-10-01 07:05:34,054 - root - INFO -         4 (20): 340 154
2019-10-01 07:05:34,054 - root - INFO -         5 (28): 24 18
2019-10-01 07:05:34,054 - root - INFO -         6 (30): 0  0
2019-10-01 07:05:34,054 - root - INFO -         7 (38): 22 16
2019-10-01 07:05:34,054 - root - INFO -         8 (40): 10  A
2019-10-01 07:05:34,055 - root - INFO - Reading descriptor for parameter 5
2019-10-01 07:05:34,055 - root - INFO - Descriptor offset: 158, Descriptor length: 44
2019-10-01 07:05:34,055 - root - INFO - Parsing descriptor for parameter 5...
2019-10-01 07:05:34,055 - root - INFO - 1 ( A): 30 bytes
2019-10-01 07:05:34,056 - root - INFO -     2 (12): 24 bytes
2019-10-01 07:05:34,056 - root - INFO -         1 ( A): 20 bytes
2019-10-01 07:05:34,056 - root - INFO -             1 ( 8): 292 124
2019-10-01 07:05:34,057 - root - INFO -             2 (10): 218 DA
2019-10-01 07:05:34,057 - root - INFO -             3 (18): 357 165
2019-10-01 07:05:34,057 - root - INFO -             4 (20): 235 EB
2019-10-01 07:05:34,057 - root - INFO -             5 (28): 24 18
2019-10-01 07:05:34,057 - root - INFO -             6 (30): 0  0
2019-10-01 07:05:34,058 - root - INFO -             7 (38): 22 16
2019-10-01 07:05:34,058 - root - INFO -             8 (40): 10  A
2019-10-01 07:05:34,058 - root - INFO -         2 (10): 34 22
2019-10-01 07:05:34,058 - root - INFO -     3 (18): 1  1
2019-10-01 07:05:34,058 - root - INFO -     4 (20): 1  1
2019-10-01 07:05:34,059 - root - INFO - 2 (12): 10 bytes
2019-10-01 07:05:34,059 - root - INFO -     1 ( 8): 267 10B
2019-10-01 07:05:34,059 - root - INFO -     2 (10): 169 A9
2019-10-01 07:05:34,059 - root - INFO -     3 (18): 21 15
2019-10-01 07:05:34,059 - root - INFO -     4 (20): 21 15
2019-10-01 07:05:34,060 - root - INFO - Reading descriptor for parameter 7
2019-10-01 07:05:34,060 - root - INFO - Descriptor offset: 202, Descriptor length: 27
2019-10-01 07:05:34,060 - root - INFO - Parsing descriptor for parameter 7...
2019-10-01 07:05:34,060 - root - INFO - 3 (1A): 25 bytes
2019-10-01 07:05:34,060 - root - INFO -     1 ( 8): 227 E3
2019-10-01 07:05:34,061 - root - INFO -     2 (10): 325 145
2019-10-01 07:05:34,061 - root - INFO -     3 (18): 46 2E
2019-10-01 07:05:34,061 - root - INFO -     4 (20): 46 2E
2019-10-01 07:05:34,061 - root - INFO -     5 (28): 202 CA
2019-10-01 07:05:34,061 - root - INFO -     6 (30): 338 152
2019-10-01 07:05:34,061 - root - INFO -     7 (38): 5  5
2019-10-01 07:05:34,061 - root - INFO -     8 (40): 15408670 EB1E1E
2019-10-01 07:05:34,061 - root - INFO -     9 (48): 0  0
2019-10-01 07:05:34,062 - root - INFO - Reading descriptor for parameter 8
2019-10-01 07:05:34,062 - root - INFO - Descriptor offset: 229, Descriptor length: 33
2019-10-01 07:05:34,062 - root - INFO - Parsing descriptor for parameter 8...
2019-10-01 07:05:34,062 - root - INFO - 1 ( A): 9 bytes
2019-10-01 07:05:34,062 - root - INFO -     1 ( A): 5 bytes
2019-10-01 07:05:34,062 - root - INFO -         1 ( 8): 254 FE
2019-10-01 07:05:34,062 - root - INFO -         2 (10): 83 53
2019-10-01 07:05:34,062 - root - INFO -     2 (10): 42 2A
2019-10-01 07:05:34,062 - root - INFO - 3 (1A): 9 bytes
2019-10-01 07:05:34,062 - root - INFO -     1 ( A): 5 bytes
2019-10-01 07:05:34,062 - root - INFO -         1 ( 8): 186 BA
2019-10-01 07:05:34,063 - root - INFO -         2 (10): 83 53
2019-10-01 07:05:34,063 - root - INFO -     2 (10): 43 2B
2019-10-01 07:05:34,063 - root - INFO - 4 (22): 9 bytes
2019-10-01 07:05:34,063 - root - INFO -     1 ( A): 5 bytes
2019-10-01 07:05:34,063 - root - INFO -         1 ( 8): 221 DD
2019-10-01 07:05:34,063 - root - INFO -         2 (10): 81 51
2019-10-01 07:05:34,063 - root - INFO -     2 (10): 44 2C
2019-10-01 07:05:34,063 - root - INFO - Reading descriptor for parameter 9
2019-10-01 07:05:34,063 - root - INFO - Descriptor offset: 262, Descriptor length: 34
2019-10-01 07:05:34,063 - root - INFO - Parsing descriptor for parameter 9...
2019-10-01 07:05:34,064 - root - INFO - 1 ( A): 20 bytes
2019-10-01 07:05:34,064 - root - INFO -     1 ( 8): 276 114
2019-10-01 07:05:34,064 - root - INFO -     2 (10): 310 136
2019-10-01 07:05:34,064 - root - INFO -     3 (18): 309 135
2019-10-01 07:05:34,064 - root - INFO -     4 (20): 324 144
2019-10-01 07:05:34,064 - root - INFO -     5 (28): 20 14
2019-10-01 07:05:34,064 - root - INFO -     6 (30): 0  0
2019-10-01 07:05:34,064 - root - INFO -     7 (38): 12  C
2019-10-01 07:05:34,064 - root - INFO -     8 (40): 10  A
2019-10-01 07:05:34,064 - root - INFO - 2 (12): 10 bytes
2019-10-01 07:05:34,064 - root - INFO -     1 ( 8): 227 E3
2019-10-01 07:05:34,065 - root - INFO -     2 (10): 277 115
2019-10-01 07:05:34,065 - root - INFO -     3 (18): 45 2D
2019-10-01 07:05:34,065 - root - INFO -     4 (20): 11  B
2019-10-01 07:05:34,065 - root - INFO - Reading descriptor for parameter 10
2019-10-01 07:05:34,065 - root - INFO - Descriptor offset: 296, Descriptor length: 81
2019-10-01 07:05:34,065 - root - INFO - Parsing descriptor for parameter 10...
2019-10-01 07:05:34,065 - root - INFO - 1 ( A): 25 bytes
2019-10-01 07:05:34,065 - root - INFO -     1 ( 8): 0  0
2019-10-01 07:05:34,065 - root - INFO -     2 (10): 0  0
2019-10-01 07:05:34,065 - root - INFO -     3 (1A): 4 bytes
2019-10-01 07:05:34,065 - root - INFO -         1 ( 8): 0  0
2019-10-01 07:05:34,066 - root - INFO -         2 (10): 0  0
2019-10-01 07:05:34,066 - root - INFO -     4 (22): 4 bytes
2019-10-01 07:05:34,066 - root - INFO -         1 ( 8): 0  0
2019-10-01 07:05:34,066 - root - INFO -         2 (10): 0  0
2019-10-01 07:05:34,066 - root - INFO -     5 (2A): 7 bytes
2019-10-01 07:05:34,066 - root - INFO -         1 ( 8): 22 16
2019-10-01 07:05:34,066 - root - INFO -         2 (10): 159 9F
2019-10-01 07:05:34,066 - root - INFO -         3 (18): 56 38
2019-10-01 07:05:34,066 - root - INFO - 2 (12): 25 bytes
2019-10-01 07:05:34,067 - root - INFO -     1 ( 8): 0  0
2019-10-01 07:05:34,067 - root - INFO -     2 (10): 0  0
2019-10-01 07:05:34,067 - root - INFO -     3 (1A): 4 bytes
2019-10-01 07:05:34,067 - root - INFO -         1 ( 8): 0  0
2019-10-01 07:05:34,067 - root - INFO -         2 (10): 0  0
2019-10-01 07:05:34,067 - root - INFO -     4 (22): 4 bytes
2019-10-01 07:05:34,067 - root - INFO -         1 ( 8): 0  0
2019-10-01 07:05:34,067 - root - INFO -         2 (10): 0  0
2019-10-01 07:05:34,067 - root - INFO -     5 (2A): 7 bytes
2019-10-01 07:05:34,067 - root - INFO -         1 ( 8): 21 15
2019-10-01 07:05:34,067 - root - INFO -         2 (10): 193 C1
2019-10-01 07:05:34,068 - root - INFO -         3 (18): 57 39
2019-10-01 07:05:34,068 - root - INFO - 3 (1A): 25 bytes
2019-10-01 07:05:34,068 - root - INFO -     1 ( 8): 0  0
2019-10-01 07:05:34,068 - root - INFO -     2 (10): 0  0
2019-10-01 07:05:34,068 - root - INFO -     3 (1A): 4 bytes
2019-10-01 07:05:34,068 - root - INFO -         1 ( 8): 0  0
2019-10-01 07:05:34,068 - root - INFO -         2 (10): 0  0
2019-10-01 07:05:34,068 - root - INFO -     4 (22): 4 bytes
2019-10-01 07:05:34,068 - root - INFO -         1 ( 8): 0  0
2019-10-01 07:05:34,068 - root - INFO -         2 (10): 0  0
2019-10-01 07:05:34,068 - root - INFO -     5 (2A): 7 bytes
2019-10-01 07:05:34,069 - root - INFO -         1 ( 8): 16 10
2019-10-01 07:05:34,069 - root - INFO -         2 (10): 210 D2
2019-10-01 07:05:34,069 - root - INFO -         3 (18): 58 3A
2019-10-01 07:05:34,070 - root - INFO - Reading resources offsets table with 59 elements (236 bytes)
2019-10-01 07:05:34,070 - root - INFO - Resource 0 offset: 740, length: 824488...
2019-10-01 07:05:34,070 - root - WARNING - Found 3 bytes gap before resource number 0
2019-10-01 07:05:34,070 - root - DEBUG - Reading resource 0...
2019-10-01 07:05:34,325 - root - WARNING - The image is 32bit.
2019-10-01 07:05:34,325 - root - INFO - Reading image header(non-bip)...
2019-10-01 07:05:34,326 - root - INFO - Image header was read:
2019-10-01 07:05:34,326 - root - INFO - Width: 454, Height: 454, RowLength: 1816
2019-10-01 07:05:34,326 - root - INFO - BPP: 32, Transparency: False
2019-10-01 07:05:34,843 - root - INFO - Resource 1 offset: 825228, length: 283048...
2019-10-01 07:05:34,844 - root - DEBUG - Reading resource 1...
2019-10-01 07:05:34,844 - root - WARNING - The image is 32bit.
2019-10-01 07:05:34,844 - root - INFO - Reading image header(non-bip)...
2019-10-01 07:05:34,844 - root - INFO - Image header was read:
2019-10-01 07:05:34,844 - root - INFO - Width: 266, Height: 266, RowLength: 1064
2019-10-01 07:05:34,844 - root - INFO - BPP: 32, Transparency: False
2019-10-01 07:05:35,010 - root - INFO - Resource 2 offset: 1108276, length: 7824...
2019-10-01 07:05:35,010 - root - DEBUG - Reading resource 2...
2019-10-01 07:05:35,010 - root - WARNING - The image is 32bit.
2019-10-01 07:05:35,010 - root - INFO - Reading image header(non-bip)...
2019-10-01 07:05:35,010 - root - INFO - Image header was read:
2019-10-01 07:05:35,010 - root - INFO - Width: 39, Height: 50, RowLength: 156
2019-10-01 07:05:35,010 - root - INFO - BPP: 32, Transparency: False
2019-10-01 07:05:35,014 - root - INFO - Resource 3 offset: 1116100, length: 7824...
2019-10-01 07:05:35,014 - root - DEBUG - Reading resource 3...
2019-10-01 07:05:35,014 - root - WARNING - The image is 32bit.
2019-10-01 07:05:35,014 - root - INFO - Reading image header(non-bip)...
2019-10-01 07:05:35,014 - root - INFO - Image header was read:
2019-10-01 07:05:35,014 - root - INFO - Width: 39, Height: 50, RowLength: 156
2019-10-01 07:05:35,014 - root - INFO - BPP: 32, Transparency: False
2019-10-01 07:05:35,018 - root - INFO - Resource 4 offset: 1123924, length: 7824...
2019-10-01 07:05:35,018 - root - DEBUG - Reading resource 4...
2019-10-01 07:05:35,018 - root - WARNING - The image is 32bit.
2019-10-01 07:05:35,018 - root - INFO - Reading image header(non-bip)...
2019-10-01 07:05:35,019 - root - INFO - Image header was read:
2019-10-01 07:05:35,019 - root - INFO - Width: 39, Height: 50, RowLength: 156
2019-10-01 07:05:35,019 - root - INFO - BPP: 32, Transparency: False
2019-10-01 07:05:35,024 - root - INFO - Resource 5 offset: 1131748, length: 7824...
2019-10-01 07:05:35,024 - root - DEBUG - Reading resource 5...
2019-10-01 07:05:35,024 - root - WARNING - The image is 32bit.
2019-10-01 07:05:35,025 - root - INFO - Reading image header(non-bip)...
2019-10-01 07:05:35,025 - root - INFO - Image header was read:
2019-10-01 07:05:35,025 - root - INFO - Width: 39, Height: 50, RowLength: 156
2019-10-01 07:05:35,025 - root - INFO - BPP: 32, Transparency: False
2019-10-01 07:05:35,029 - root - INFO - Resource 6 offset: 1139572, length: 7824...
2019-10-01 07:05:35,029 - root - DEBUG - Reading resource 6...
2019-10-01 07:05:35,029 - root - WARNING - The image is 32bit.
2019-10-01 07:05:35,029 - root - INFO - Reading image header(non-bip)...
2019-10-01 07:05:35,029 - root - INFO - Image header was read:
2019-10-01 07:05:35,029 - root - INFO - Width: 39, Height: 50, RowLength: 156
2019-10-01 07:05:35,029 - root - INFO - BPP: 32, Transparency: False
2019-10-01 07:05:35,033 - root - INFO - Resource 7 offset: 1147396, length: 7824...
2019-10-01 07:05:35,033 - root - DEBUG - Reading resource 7...
2019-10-01 07:05:35,033 - root - WARNING - The image is 32bit.
2019-10-01 07:05:35,033 - root - INFO - Reading image header(non-bip)...
2019-10-01 07:05:35,033 - root - INFO - Image header was read:
2019-10-01 07:05:35,033 - root - INFO - Width: 39, Height: 50, RowLength: 156
2019-10-01 07:05:35,033 - root - INFO - BPP: 32, Transparency: False
2019-10-01 07:05:35,037 - root - INFO - Resource 8 offset: 1155220, length: 7824...
2019-10-01 07:05:35,037 - root - DEBUG - Reading resource 8...
2019-10-01 07:05:35,037 - root - WARNING - The image is 32bit.
2019-10-01 07:05:35,037 - root - INFO - Reading image header(non-bip)...
2019-10-01 07:05:35,037 - root - INFO - Image header was read:
2019-10-01 07:05:35,037 - root - INFO - Width: 39, Height: 50, RowLength: 156
2019-10-01 07:05:35,037 - root - INFO - BPP: 32, Transparency: False
2019-10-01 07:05:35,043 - root - INFO - Resource 9 offset: 1163044, length: 7824...
2019-10-01 07:05:35,043 - root - DEBUG - Reading resource 9...
2019-10-01 07:05:35,043 - root - WARNING - The image is 32bit.
2019-10-01 07:05:35,043 - root - INFO - Reading image header(non-bip)...
2019-10-01 07:05:35,044 - root - INFO - Image header was read:
2019-10-01 07:05:35,044 - root - INFO - Width: 39, Height: 50, RowLength: 156
2019-10-01 07:05:35,044 - root - INFO - BPP: 32, Transparency: False
2019-10-01 07:05:35,047 - root - INFO - Resource 10 offset: 1170868, length: 7824...
2019-10-01 07:05:35,048 - root - DEBUG - Reading resource 10...
2019-10-01 07:05:35,048 - root - WARNING - The image is 32bit.
2019-10-01 07:05:35,048 - root - INFO - Reading image header(non-bip)...
2019-10-01 07:05:35,048 - root - INFO - Image header was read:
2019-10-01 07:05:35,048 - root - INFO - Width: 39, Height: 50, RowLength: 156
2019-10-01 07:05:35,048 - root - INFO - BPP: 32, Transparency: False
2019-10-01 07:05:35,052 - root - INFO - Resource 11 offset: 1178692, length: 7824...
2019-10-01 07:05:35,052 - root - DEBUG - Reading resource 11...
2019-10-01 07:05:35,052 - root - WARNING - The image is 32bit.
2019-10-01 07:05:35,052 - root - INFO - Reading image header(non-bip)...
2019-10-01 07:05:35,052 - root - INFO - Image header was read:
2019-10-01 07:05:35,052 - root - INFO - Width: 39, Height: 50, RowLength: 156
2019-10-01 07:05:35,052 - root - INFO - BPP: 32, Transparency: False
2019-10-01 07:05:35,058 - root - INFO - Resource 12 offset: 1186516, length: 804...
2019-10-01 07:05:35,058 - root - DEBUG - Reading resource 12...
2019-10-01 07:05:35,058 - root - WARNING - The image is 32bit.
2019-10-01 07:05:35,058 - root - INFO - Reading image header(non-bip)...
2019-10-01 07:05:35,058 - root - INFO - Image header was read:
2019-10-01 07:05:35,058 - root - INFO - Width: 13, Height: 15, RowLength: 52
2019-10-01 07:05:35,058 - root - INFO - BPP: 32, Transparency: False
2019-10-01 07:05:35,059 - root - INFO - Resource 13 offset: 1187320, length: 444...
2019-10-01 07:05:35,059 - root - DEBUG - Reading resource 13...
2019-10-01 07:05:35,059 - root - WARNING - The image is 32bit.
2019-10-01 07:05:35,059 - root - INFO - Reading image header(non-bip)...
2019-10-01 07:05:35,059 - root - INFO - Image header was read:
2019-10-01 07:05:35,059 - root - INFO - Width: 7, Height: 15, RowLength: 28
2019-10-01 07:05:35,059 - root - INFO - BPP: 32, Transparency: False
2019-10-01 07:05:35,059 - root - INFO - Resource 14 offset: 1187764, length: 684...
2019-10-01 07:05:35,060 - root - DEBUG - Reading resource 14...
2019-10-01 07:05:35,060 - root - WARNING - The image is 32bit.
2019-10-01 07:05:35,060 - root - INFO - Reading image header(non-bip)...
2019-10-01 07:05:35,060 - root - INFO - Image header was read:
2019-10-01 07:05:35,060 - root - INFO - Width: 11, Height: 15, RowLength: 44
2019-10-01 07:05:35,060 - root - INFO - BPP: 32, Transparency: False
2019-10-01 07:05:35,060 - root - INFO - Resource 15 offset: 1188448, length: 684...
2019-10-01 07:05:35,060 - root - DEBUG - Reading resource 15...
2019-10-01 07:05:35,060 - root - WARNING - The image is 32bit.
2019-10-01 07:05:35,060 - root - INFO - Reading image header(non-bip)...
2019-10-01 07:05:35,060 - root - INFO - Image header was read:
2019-10-01 07:05:35,060 - root - INFO - Width: 11, Height: 15, RowLength: 44
2019-10-01 07:05:35,060 - root - INFO - BPP: 32, Transparency: False
2019-10-01 07:05:35,061 - root - INFO - Resource 16 offset: 1189132, length: 804...
2019-10-01 07:05:35,061 - root - DEBUG - Reading resource 16...
2019-10-01 07:05:35,061 - root - WARNING - The image is 32bit.
2019-10-01 07:05:35,061 - root - INFO - Reading image header(non-bip)...
2019-10-01 07:05:35,061 - root - INFO - Image header was read:
2019-10-01 07:05:35,061 - root - INFO - Width: 13, Height: 15, RowLength: 52
2019-10-01 07:05:35,061 - root - INFO - BPP: 32, Transparency: False
2019-10-01 07:05:35,062 - root - INFO - Resource 17 offset: 1189936, length: 684...
2019-10-01 07:05:35,062 - root - DEBUG - Reading resource 17...
2019-10-01 07:05:35,062 - root - WARNING - The image is 32bit.
2019-10-01 07:05:35,062 - root - INFO - Reading image header(non-bip)...
2019-10-01 07:05:35,062 - root - INFO - Image header was read:
2019-10-01 07:05:35,062 - root - INFO - Width: 11, Height: 15, RowLength: 44
2019-10-01 07:05:35,062 - root - INFO - BPP: 32, Transparency: False
2019-10-01 07:05:35,063 - root - INFO - Resource 18 offset: 1190620, length: 684...
2019-10-01 07:05:35,063 - root - DEBUG - Reading resource 18...
2019-10-01 07:05:35,063 - root - WARNING - The image is 32bit.
2019-10-01 07:05:35,063 - root - INFO - Reading image header(non-bip)...
2019-10-01 07:05:35,063 - root - INFO - Image header was read:
2019-10-01 07:05:35,063 - root - INFO - Width: 11, Height: 15, RowLength: 44
2019-10-01 07:05:35,063 - root - INFO - BPP: 32, Transparency: False
2019-10-01 07:05:35,063 - root - INFO - Resource 19 offset: 1191304, length: 684...
2019-10-01 07:05:35,063 - root - DEBUG - Reading resource 19...
2019-10-01 07:05:35,063 - root - WARNING - The image is 32bit.
2019-10-01 07:05:35,063 - root - INFO - Reading image header(non-bip)...
2019-10-01 07:05:35,063 - root - INFO - Image header was read:
2019-10-01 07:05:35,063 - root - INFO - Width: 11, Height: 15, RowLength: 44
2019-10-01 07:05:35,063 - root - INFO - BPP: 32, Transparency: False
2019-10-01 07:05:35,064 - root - INFO - Resource 20 offset: 1191988, length: 684...
2019-10-01 07:05:35,064 - root - DEBUG - Reading resource 20...
2019-10-01 07:05:35,064 - root - WARNING - The image is 32bit.
2019-10-01 07:05:35,064 - root - INFO - Reading image header(non-bip)...
2019-10-01 07:05:35,064 - root - INFO - Image header was read:
2019-10-01 07:05:35,064 - root - INFO - Width: 11, Height: 15, RowLength: 44
2019-10-01 07:05:35,064 - root - INFO - BPP: 32, Transparency: False
2019-10-01 07:05:35,064 - root - INFO - Resource 21 offset: 1192672, length: 684...
2019-10-01 07:05:35,064 - root - DEBUG - Reading resource 21...
2019-10-01 07:05:35,064 - root - WARNING - The image is 32bit.
2019-10-01 07:05:35,065 - root - INFO - Reading image header(non-bip)...
2019-10-01 07:05:35,065 - root - INFO - Image header was read:
2019-10-01 07:05:35,065 - root - INFO - Width: 11, Height: 15, RowLength: 44
2019-10-01 07:05:35,065 - root - INFO - BPP: 32, Transparency: False
2019-10-01 07:05:35,065 - root - INFO - Resource 22 offset: 1193356, length: 1176...
2019-10-01 07:05:35,065 - root - DEBUG - Reading resource 22...
2019-10-01 07:05:35,065 - root - WARNING - The image is 32bit.
2019-10-01 07:05:35,065 - root - INFO - Reading image header(non-bip)...
2019-10-01 07:05:35,065 - root - INFO - Image header was read:
2019-10-01 07:05:35,065 - root - INFO - Width: 16, Height: 18, RowLength: 64
2019-10-01 07:05:35,065 - root - INFO - BPP: 32, Transparency: False
2019-10-01 07:05:35,066 - root - INFO - Resource 23 offset: 1194532, length: 600...
2019-10-01 07:05:35,066 - root - DEBUG - Reading resource 23...
2019-10-01 07:05:35,066 - root - WARNING - The image is 32bit.
2019-10-01 07:05:35,066 - root - INFO - Reading image header(non-bip)...
2019-10-01 07:05:35,066 - root - INFO - Image header was read:
2019-10-01 07:05:35,066 - root - INFO - Width: 8, Height: 18, RowLength: 32
2019-10-01 07:05:35,066 - root - INFO - BPP: 32, Transparency: False
2019-10-01 07:05:35,067 - root - INFO - Resource 24 offset: 1195132, length: 960...
2019-10-01 07:05:35,067 - root - DEBUG - Reading resource 24...
2019-10-01 07:05:35,067 - root - WARNING - The image is 32bit.
2019-10-01 07:05:35,067 - root - INFO - Reading image header(non-bip)...
2019-10-01 07:05:35,067 - root - INFO - Image header was read:
2019-10-01 07:05:35,067 - root - INFO - Width: 13, Height: 18, RowLength: 52
2019-10-01 07:05:35,067 - root - INFO - BPP: 32, Transparency: False
2019-10-01 07:05:35,067 - root - INFO - Resource 25 offset: 1196092, length: 960...
2019-10-01 07:05:35,067 - root - DEBUG - Reading resource 25...
2019-10-01 07:05:35,067 - root - WARNING - The image is 32bit.
2019-10-01 07:05:35,068 - root - INFO - Reading image header(non-bip)...
2019-10-01 07:05:35,068 - root - INFO - Image header was read:
2019-10-01 07:05:35,068 - root - INFO - Width: 13, Height: 18, RowLength: 52
2019-10-01 07:05:35,068 - root - INFO - BPP: 32, Transparency: False
2019-10-01 07:05:35,068 - root - INFO - Resource 26 offset: 1197052, length: 1104...
2019-10-01 07:05:35,068 - root - DEBUG - Reading resource 26...
2019-10-01 07:05:35,068 - root - WARNING - The image is 32bit.
2019-10-01 07:05:35,068 - root - INFO - Reading image header(non-bip)...
2019-10-01 07:05:35,068 - root - INFO - Image header was read:
2019-10-01 07:05:35,068 - root - INFO - Width: 15, Height: 18, RowLength: 60
2019-10-01 07:05:35,068 - root - INFO - BPP: 32, Transparency: False
2019-10-01 07:05:35,069 - root - INFO - Resource 27 offset: 1198156, length: 960...
2019-10-01 07:05:35,069 - root - DEBUG - Reading resource 27...
2019-10-01 07:05:35,069 - root - WARNING - The image is 32bit.
2019-10-01 07:05:35,069 - root - INFO - Reading image header(non-bip)...
2019-10-01 07:05:35,069 - root - INFO - Image header was read:
2019-10-01 07:05:35,069 - root - INFO - Width: 13, Height: 18, RowLength: 52
2019-10-01 07:05:35,069 - root - INFO - BPP: 32, Transparency: False
2019-10-01 07:05:35,070 - root - INFO - Resource 28 offset: 1199116, length: 1032...
2019-10-01 07:05:35,070 - root - DEBUG - Reading resource 28...
2019-10-01 07:05:35,070 - root - WARNING - The image is 32bit.
2019-10-01 07:05:35,070 - root - INFO - Reading image header(non-bip)...
2019-10-01 07:05:35,070 - root - INFO - Image header was read:
2019-10-01 07:05:35,070 - root - INFO - Width: 14, Height: 18, RowLength: 56
2019-10-01 07:05:35,070 - root - INFO - BPP: 32, Transparency: False
2019-10-01 07:05:35,070 - root - INFO - Resource 29 offset: 1200148, length: 960...
2019-10-01 07:05:35,071 - root - DEBUG - Reading resource 29...
2019-10-01 07:05:35,071 - root - WARNING - The image is 32bit.
2019-10-01 07:05:35,071 - root - INFO - Reading image header(non-bip)...
2019-10-01 07:05:35,071 - root - INFO - Image header was read:
2019-10-01 07:05:35,071 - root - INFO - Width: 13, Height: 18, RowLength: 52
2019-10-01 07:05:35,071 - root - INFO - BPP: 32, Transparency: False
2019-10-01 07:05:35,073 - root - INFO - Resource 30 offset: 1201108, length: 1032...
2019-10-01 07:05:35,073 - root - DEBUG - Reading resource 30...
2019-10-01 07:05:35,073 - root - WARNING - The image is 32bit.
2019-10-01 07:05:35,073 - root - INFO - Reading image header(non-bip)...
2019-10-01 07:05:35,073 - root - INFO - Image header was read:
2019-10-01 07:05:35,073 - root - INFO - Width: 14, Height: 18, RowLength: 56
2019-10-01 07:05:35,073 - root - INFO - BPP: 32, Transparency: False
2019-10-01 07:05:35,074 - root - INFO - Resource 31 offset: 1202140, length: 1032...
2019-10-01 07:05:35,074 - root - DEBUG - Reading resource 31...
2019-10-01 07:05:35,074 - root - WARNING - The image is 32bit.
2019-10-01 07:05:35,074 - root - INFO - Reading image header(non-bip)...
2019-10-01 07:05:35,074 - root - INFO - Image header was read:
2019-10-01 07:05:35,074 - root - INFO - Width: 14, Height: 18, RowLength: 56
2019-10-01 07:05:35,074 - root - INFO - BPP: 32, Transparency: False
2019-10-01 07:05:35,075 - root - INFO - Resource 32 offset: 1203172, length: 120...
2019-10-01 07:05:35,075 - root - DEBUG - Reading resource 32...
2019-10-01 07:05:35,076 - root - WARNING - The image is 32bit.
2019-10-01 07:05:35,076 - root - INFO - Reading image header(non-bip)...
2019-10-01 07:05:35,076 - root - INFO - Image header was read:
2019-10-01 07:05:35,076 - root - INFO - Width: 4, Height: 6, RowLength: 16
2019-10-01 07:05:35,076 - root - INFO - BPP: 32, Transparency: False
2019-10-01 07:05:35,076 - root - INFO - Resource 33 offset: 1203292, length: 264...
2019-10-01 07:05:35,076 - root - DEBUG - Reading resource 33...
2019-10-01 07:05:35,076 - root - WARNING - The image is 32bit.
2019-10-01 07:05:35,076 - root - INFO - Reading image header(non-bip)...
2019-10-01 07:05:35,076 - root - INFO - Image header was read:
2019-10-01 07:05:35,076 - root - INFO - Width: 4, Height: 15, RowLength: 16
2019-10-01 07:05:35,076 - root - INFO - BPP: 32, Transparency: False
2019-10-01 07:05:35,076 - root - INFO - Resource 34 offset: 1203556, length: 600...
2019-10-01 07:05:35,076 - root - DEBUG - Reading resource 34...
2019-10-01 07:05:35,076 - root - WARNING - The image is 32bit.
2019-10-01 07:05:35,076 - root - INFO - Reading image header(non-bip)...
2019-10-01 07:05:35,077 - root - INFO - Image header was read:
2019-10-01 07:05:35,077 - root - INFO - Width: 8, Height: 18, RowLength: 32
2019-10-01 07:05:35,077 - root - INFO - BPP: 32, Transparency: False
2019-10-01 07:05:35,077 - root - INFO - Resource 35 offset: 1204156, length: 55720...
2019-10-01 07:05:35,077 - root - DEBUG - Reading resource 35...
2019-10-01 07:05:35,077 - root - WARNING - The image is 32bit.
2019-10-01 07:05:35,077 - root - INFO - Reading image header(non-bip)...
2019-10-01 07:05:35,077 - root - INFO - Image header was read:
2019-10-01 07:05:35,077 - root - INFO - Width: 118, Height: 118, RowLength: 472
2019-10-01 07:05:35,077 - root - INFO - BPP: 32, Transparency: False
2019-10-01 07:05:35,109 - root - INFO - Resource 36 offset: 1259876, length: 55720...
2019-10-01 07:05:35,109 - root - DEBUG - Reading resource 36...
2019-10-01 07:05:35,109 - root - WARNING - The image is 32bit.
2019-10-01 07:05:35,109 - root - INFO - Reading image header(non-bip)...
2019-10-01 07:05:35,109 - root - INFO - Image header was read:
2019-10-01 07:05:35,109 - root - INFO - Width: 118, Height: 118, RowLength: 472
2019-10-01 07:05:35,109 - root - INFO - BPP: 32, Transparency: False
2019-10-01 07:05:35,140 - root - INFO - Resource 37 offset: 1315596, length: 55720...
2019-10-01 07:05:35,140 - root - DEBUG - Reading resource 37...
2019-10-01 07:05:35,140 - root - WARNING - The image is 32bit.
2019-10-01 07:05:35,140 - root - INFO - Reading image header(non-bip)...
2019-10-01 07:05:35,140 - root - INFO - Image header was read:
2019-10-01 07:05:35,140 - root - INFO - Width: 118, Height: 118, RowLength: 472
2019-10-01 07:05:35,140 - root - INFO - BPP: 32, Transparency: False
2019-10-01 07:05:35,171 - root - INFO - Resource 38 offset: 1371316, length: 55720...
2019-10-01 07:05:35,171 - root - DEBUG - Reading resource 38...
2019-10-01 07:05:35,171 - root - WARNING - The image is 32bit.
2019-10-01 07:05:35,171 - root - INFO - Reading image header(non-bip)...
2019-10-01 07:05:35,171 - root - INFO - Image header was read:
2019-10-01 07:05:35,171 - root - INFO - Width: 118, Height: 118, RowLength: 472
2019-10-01 07:05:35,171 - root - INFO - BPP: 32, Transparency: False
2019-10-01 07:05:35,202 - root - INFO - Resource 39 offset: 1427036, length: 55720...
2019-10-01 07:05:35,202 - root - DEBUG - Reading resource 39...
2019-10-01 07:05:35,202 - root - WARNING - The image is 32bit.
2019-10-01 07:05:35,202 - root - INFO - Reading image header(non-bip)...
2019-10-01 07:05:35,202 - root - INFO - Image header was read:
2019-10-01 07:05:35,202 - root - INFO - Width: 118, Height: 118, RowLength: 472
2019-10-01 07:05:35,202 - root - INFO - BPP: 32, Transparency: False
2019-10-01 07:05:35,234 - root - INFO - Resource 40 offset: 1482756, length: 55720...
2019-10-01 07:05:35,234 - root - DEBUG - Reading resource 40...
2019-10-01 07:05:35,234 - root - WARNING - The image is 32bit.
2019-10-01 07:05:35,234 - root - INFO - Reading image header(non-bip)...
2019-10-01 07:05:35,234 - root - INFO - Image header was read:
2019-10-01 07:05:35,234 - root - INFO - Width: 118, Height: 118, RowLength: 472
2019-10-01 07:05:35,234 - root - INFO - BPP: 32, Transparency: False
2019-10-01 07:05:35,266 - root - INFO - Resource 41 offset: 1538476, length: 55720...
2019-10-01 07:05:35,267 - root - DEBUG - Reading resource 41...
2019-10-01 07:05:35,267 - root - WARNING - The image is 32bit.
2019-10-01 07:05:35,267 - root - INFO - Reading image header(non-bip)...
2019-10-01 07:05:35,267 - root - INFO - Image header was read:
2019-10-01 07:05:35,267 - root - INFO - Width: 118, Height: 118, RowLength: 472
2019-10-01 07:05:35,267 - root - INFO - BPP: 32, Transparency: False
2019-10-01 07:05:35,298 - root - INFO - Resource 42 offset: 1594196, length: 924...
2019-10-01 07:05:35,298 - root - DEBUG - Reading resource 42...
2019-10-01 07:05:35,298 - root - WARNING - The image is 32bit.
2019-10-01 07:05:35,298 - root - INFO - Reading image header(non-bip)...
2019-10-01 07:05:35,298 - root - INFO - Image header was read:
2019-10-01 07:05:35,298 - root - INFO - Width: 15, Height: 15, RowLength: 60
2019-10-01 07:05:35,298 - root - INFO - BPP: 32, Transparency: False
2019-10-01 07:05:35,299 - root - INFO - Resource 43 offset: 1595120, length: 924...
2019-10-01 07:05:35,299 - root - DEBUG - Reading resource 43...
2019-10-01 07:05:35,299 - root - WARNING - The image is 32bit.
2019-10-01 07:05:35,299 - root - INFO - Reading image header(non-bip)...
2019-10-01 07:05:35,299 - root - INFO - Image header was read:
2019-10-01 07:05:35,299 - root - INFO - Width: 15, Height: 15, RowLength: 60
2019-10-01 07:05:35,299 - root - INFO - BPP: 32, Transparency: False
2019-10-01 07:05:35,299 - root - INFO - Resource 44 offset: 1596044, length: 908...
2019-10-01 07:05:35,299 - root - DEBUG - Reading resource 44...
2019-10-01 07:05:35,299 - root - WARNING - The image is 32bit.
2019-10-01 07:05:35,299 - root - INFO - Reading image header(non-bip)...
2019-10-01 07:05:35,300 - root - INFO - Image header was read:
2019-10-01 07:05:35,300 - root - INFO - Width: 13, Height: 17, RowLength: 52
2019-10-01 07:05:35,300 - root - INFO - BPP: 32, Transparency: False
2019-10-01 07:05:35,300 - root - INFO - Resource 45 offset: 1596952, length: 120...
2019-10-01 07:05:35,300 - root - DEBUG - Reading resource 45...
2019-10-01 07:05:35,300 - root - WARNING - The image is 32bit.
2019-10-01 07:05:35,300 - root - INFO - Reading image header(non-bip)...
2019-10-01 07:05:35,300 - root - INFO - Image header was read:
2019-10-01 07:05:35,300 - root - INFO - Width: 4, Height: 6, RowLength: 16
2019-10-01 07:05:35,300 - root - INFO - BPP: 32, Transparency: False
2019-10-01 07:05:35,300 - root - INFO - Resource 46 offset: 1597072, length: 19036...
2019-10-01 07:05:35,300 - root - DEBUG - Reading resource 46...
2019-10-01 07:05:35,300 - root - WARNING - The image is 32bit.
2019-10-01 07:05:35,301 - root - INFO - Reading image header(non-bip)...
2019-10-01 07:05:35,301 - root - INFO - Image header was read:
2019-10-01 07:05:35,301 - root - INFO - Width: 49, Height: 97, RowLength: 196
2019-10-01 07:05:35,301 - root - INFO - BPP: 32, Transparency: False
2019-10-01 07:05:35,313 - root - INFO - Resource 47 offset: 1616108, length: 19036...
2019-10-01 07:05:35,313 - root - DEBUG - Reading resource 47...
2019-10-01 07:05:35,313 - root - WARNING - The image is 32bit.
2019-10-01 07:05:35,313 - root - INFO - Reading image header(non-bip)...
2019-10-01 07:05:35,313 - root - INFO - Image header was read:
2019-10-01 07:05:35,313 - root - INFO - Width: 49, Height: 97, RowLength: 196
2019-10-01 07:05:35,313 - root - INFO - BPP: 32, Transparency: False
2019-10-01 07:05:35,324 - root - INFO - Resource 48 offset: 1635144, length: 19036...
2019-10-01 07:05:35,325 - root - DEBUG - Reading resource 48...
2019-10-01 07:05:35,325 - root - WARNING - The image is 32bit.
2019-10-01 07:05:35,325 - root - INFO - Reading image header(non-bip)...
2019-10-01 07:05:35,325 - root - INFO - Image header was read:
2019-10-01 07:05:35,325 - root - INFO - Width: 49, Height: 97, RowLength: 196
2019-10-01 07:05:35,325 - root - INFO - BPP: 32, Transparency: False
2019-10-01 07:05:35,334 - root - INFO - Resource 49 offset: 1654180, length: 19036...
2019-10-01 07:05:35,334 - root - DEBUG - Reading resource 49...
2019-10-01 07:05:35,334 - root - WARNING - The image is 32bit.
2019-10-01 07:05:35,334 - root - INFO - Reading image header(non-bip)...
2019-10-01 07:05:35,334 - root - INFO - Image header was read:
2019-10-01 07:05:35,335 - root - INFO - Width: 49, Height: 97, RowLength: 196
2019-10-01 07:05:35,335 - root - INFO - BPP: 32, Transparency: False
2019-10-01 07:05:35,347 - root - INFO - Resource 50 offset: 1673216, length: 19036...
2019-10-01 07:05:35,347 - root - DEBUG - Reading resource 50...
2019-10-01 07:05:35,347 - root - WARNING - The image is 32bit.
2019-10-01 07:05:35,347 - root - INFO - Reading image header(non-bip)...
2019-10-01 07:05:35,348 - root - INFO - Image header was read:
2019-10-01 07:05:35,348 - root - INFO - Width: 49, Height: 97, RowLength: 196
2019-10-01 07:05:35,348 - root - INFO - BPP: 32, Transparency: False
2019-10-01 07:05:35,360 - root - INFO - Resource 51 offset: 1692252, length: 19036...
2019-10-01 07:05:35,361 - root - DEBUG - Reading resource 51...
2019-10-01 07:05:35,361 - root - WARNING - The image is 32bit.
2019-10-01 07:05:35,361 - root - INFO - Reading image header(non-bip)...
2019-10-01 07:05:35,361 - root - INFO - Image header was read:
2019-10-01 07:05:35,361 - root - INFO - Width: 49, Height: 97, RowLength: 196
2019-10-01 07:05:35,361 - root - INFO - BPP: 32, Transparency: False
2019-10-01 07:05:35,371 - root - INFO - Resource 52 offset: 1711288, length: 19036...
2019-10-01 07:05:35,371 - root - DEBUG - Reading resource 52...
2019-10-01 07:05:35,371 - root - WARNING - The image is 32bit.
2019-10-01 07:05:35,371 - root - INFO - Reading image header(non-bip)...
2019-10-01 07:05:35,371 - root - INFO - Image header was read:
2019-10-01 07:05:35,371 - root - INFO - Width: 49, Height: 97, RowLength: 196
2019-10-01 07:05:35,371 - root - INFO - BPP: 32, Transparency: False
2019-10-01 07:05:35,383 - root - INFO - Resource 53 offset: 1730324, length: 19036...
2019-10-01 07:05:35,383 - root - DEBUG - Reading resource 53...
2019-10-01 07:05:35,383 - root - WARNING - The image is 32bit.
2019-10-01 07:05:35,383 - root - INFO - Reading image header(non-bip)...
2019-10-01 07:05:35,383 - root - INFO - Image header was read:
2019-10-01 07:05:35,383 - root - INFO - Width: 49, Height: 97, RowLength: 196
2019-10-01 07:05:35,383 - root - INFO - BPP: 32, Transparency: False
2019-10-01 07:05:35,395 - root - INFO - Resource 54 offset: 1749360, length: 19036...
2019-10-01 07:05:35,395 - root - DEBUG - Reading resource 54...
2019-10-01 07:05:35,395 - root - WARNING - The image is 32bit.
2019-10-01 07:05:35,395 - root - INFO - Reading image header(non-bip)...
2019-10-01 07:05:35,395 - root - INFO - Image header was read:
2019-10-01 07:05:35,395 - root - INFO - Width: 49, Height: 97, RowLength: 196
2019-10-01 07:05:35,395 - root - INFO - BPP: 32, Transparency: False
2019-10-01 07:05:35,405 - root - INFO - Resource 55 offset: 1768396, length: 19036...
2019-10-01 07:05:35,405 - root - DEBUG - Reading resource 55...
2019-10-01 07:05:35,406 - root - WARNING - The image is 32bit.
2019-10-01 07:05:35,406 - root - INFO - Reading image header(non-bip)...
2019-10-01 07:05:35,406 - root - INFO - Image header was read:
2019-10-01 07:05:35,406 - root - INFO - Width: 49, Height: 97, RowLength: 196
2019-10-01 07:05:35,406 - root - INFO - BPP: 32, Transparency: False
2019-10-01 07:05:35,417 - root - INFO - Resource 56 offset: 1787432, length: 31528...
2019-10-01 07:05:35,417 - root - DEBUG - Reading resource 56...
2019-10-01 07:05:35,417 - root - WARNING - The image is 32bit.
2019-10-01 07:05:35,417 - root - INFO - Reading image header(non-bip)...
2019-10-01 07:05:35,417 - root - INFO - Image header was read:
2019-10-01 07:05:35,417 - root - INFO - Width: 44, Height: 179, RowLength: 176
2019-10-01 07:05:35,417 - root - INFO - BPP: 32, Transparency: False
2019-10-01 07:05:35,434 - root - INFO - Resource 57 offset: 1818960, length: 36312...
2019-10-01 07:05:35,435 - root - DEBUG - Reading resource 57...
2019-10-01 07:05:35,435 - root - WARNING - The image is 32bit.
2019-10-01 07:05:35,435 - root - INFO - Reading image header(non-bip)...
2019-10-01 07:05:35,435 - root - INFO - Image header was read:
2019-10-01 07:05:35,435 - root - INFO - Width: 42, Height: 216, RowLength: 168
2019-10-01 07:05:35,435 - root - INFO - BPP: 32, Transparency: False
2019-10-01 07:05:35,454 - root - INFO - Resource 58 offset: 1855272, length: 30488...
2019-10-01 07:05:35,454 - root - DEBUG - Reading resource 58...
2019-10-01 07:05:35,454 - root - WARNING - The image is 32bit.
2019-10-01 07:05:35,454 - root - INFO - Reading image header(non-bip)...
2019-10-01 07:05:35,454 - root - INFO - Image header was read:
2019-10-01 07:05:35,455 - root - INFO - Width: 32, Height: 238, RowLength: 128
2019-10-01 07:05:35,455 - root - INFO - BPP: 32, Transparency: False
2019-10-01 07:05:35,473 - root - DEBUG - Parsing parameters...
2019-10-01 07:05:35,476 - root - DEBUG - generatePreviews
2019-10-01 07:05:35,476 - root - DEBUG - Generating previews...
2019-10-01 07:05:35,477 - root - DEBUG - Generating states done...
2019-10-01 07:05:35,745 - root - DEBUG - Generating static preview gen done...
2019-10-01 07:05:36,000 - root - DEBUG - Generating static preview save done...
2019-10-01 07:05:36,000 - root - DEBUG - Generating anim preview gen done...
2019-10-01 07:05:36,230 - root - DEBUG - generatePreviews done
2019-10-01 07:05:36,231 - root - DEBUG - Exporting resources to './marine_commander_red_dots'
2019-10-01 07:05:36,249 - root - DEBUG - extracting ./marine_commander_red_dots/0000.png...
2019-10-01 07:05:36,269 - root - DEBUG - extracting ./marine_commander_red_dots/0001.png...
2019-10-01 07:05:36,285 - root - DEBUG - extracting ./marine_commander_red_dots/0002.png...
2019-10-01 07:05:36,286 - root - DEBUG - extracting ./marine_commander_red_dots/0003.png...
2019-10-01 07:05:36,286 - root - DEBUG - extracting ./marine_commander_red_dots/0004.png...
2019-10-01 07:05:36,287 - root - DEBUG - extracting ./marine_commander_red_dots/0005.png...
2019-10-01 07:05:36,287 - root - DEBUG - extracting ./marine_commander_red_dots/0006.png...
2019-10-01 07:05:36,287 - root - DEBUG - extracting ./marine_commander_red_dots/0007.png...
2019-10-01 07:05:36,288 - root - DEBUG - extracting ./marine_commander_red_dots/0008.png...
2019-10-01 07:05:36,288 - root - DEBUG - extracting ./marine_commander_red_dots/0009.png...
2019-10-01 07:05:36,289 - root - DEBUG - extracting ./marine_commander_red_dots/0010.png...
2019-10-01 07:05:36,290 - root - DEBUG - extracting ./marine_commander_red_dots/0011.png...
2019-10-01 07:05:36,291 - root - DEBUG - extracting ./marine_commander_red_dots/0012.png...
2019-10-01 07:05:36,291 - root - DEBUG - extracting ./marine_commander_red_dots/0013.png...
2019-10-01 07:05:36,292 - root - DEBUG - extracting ./marine_commander_red_dots/0014.png...
2019-10-01 07:05:36,292 - root - DEBUG - extracting ./marine_commander_red_dots/0015.png...
2019-10-01 07:05:36,292 - root - DEBUG - extracting ./marine_commander_red_dots/0016.png...
2019-10-01 07:05:36,293 - root - DEBUG - extracting ./marine_commander_red_dots/0017.png...
2019-10-01 07:05:36,293 - root - DEBUG - extracting ./marine_commander_red_dots/0018.png...
2019-10-01 07:05:36,293 - root - DEBUG - extracting ./marine_commander_red_dots/0019.png...
2019-10-01 07:05:36,294 - root - DEBUG - extracting ./marine_commander_red_dots/0020.png...
2019-10-01 07:05:36,294 - root - DEBUG - extracting ./marine_commander_red_dots/0021.png...
2019-10-01 07:05:36,294 - root - DEBUG - extracting ./marine_commander_red_dots/0022.png...
2019-10-01 07:05:36,294 - root - DEBUG - extracting ./marine_commander_red_dots/0023.png...
2019-10-01 07:05:36,294 - root - DEBUG - extracting ./marine_commander_red_dots/0024.png...
2019-10-01 07:05:36,295 - root - DEBUG - extracting ./marine_commander_red_dots/0025.png...
2019-10-01 07:05:36,295 - root - DEBUG - extracting ./marine_commander_red_dots/0026.png...
2019-10-01 07:05:36,295 - root - DEBUG - extracting ./marine_commander_red_dots/0027.png...
2019-10-01 07:05:36,296 - root - DEBUG - extracting ./marine_commander_red_dots/0028.png...
2019-10-01 07:05:36,296 - root - DEBUG - extracting ./marine_commander_red_dots/0029.png...
2019-10-01 07:05:36,296 - root - DEBUG - extracting ./marine_commander_red_dots/0030.png...
2019-10-01 07:05:36,296 - root - DEBUG - extracting ./marine_commander_red_dots/0031.png...
2019-10-01 07:05:36,296 - root - DEBUG - extracting ./marine_commander_red_dots/0032.png...
2019-10-01 07:05:36,297 - root - DEBUG - extracting ./marine_commander_red_dots/0033.png...
2019-10-01 07:05:36,297 - root - DEBUG - extracting ./marine_commander_red_dots/0034.png...
2019-10-01 07:05:36,297 - root - DEBUG - extracting ./marine_commander_red_dots/0035.png...
2019-10-01 07:05:36,300 - root - DEBUG - extracting ./marine_commander_red_dots/0036.png...
2019-10-01 07:05:36,303 - root - DEBUG - extracting ./marine_commander_red_dots/0037.png...
2019-10-01 07:05:36,308 - root - DEBUG - extracting ./marine_commander_red_dots/0038.png...
2019-10-01 07:05:36,311 - root - DEBUG - extracting ./marine_commander_red_dots/0039.png...
2019-10-01 07:05:36,315 - root - DEBUG - extracting ./marine_commander_red_dots/0040.png...
2019-10-01 07:05:36,318 - root - DEBUG - extracting ./marine_commander_red_dots/0041.png...
2019-10-01 07:05:36,321 - root - DEBUG - extracting ./marine_commander_red_dots/0042.png...
2019-10-01 07:05:36,322 - root - DEBUG - extracting ./marine_commander_red_dots/0043.png...
2019-10-01 07:05:36,323 - root - DEBUG - extracting ./marine_commander_red_dots/0044.png...
2019-10-01 07:05:36,323 - root - DEBUG - extracting ./marine_commander_red_dots/0045.png...
2019-10-01 07:05:36,324 - root - DEBUG - extracting ./marine_commander_red_dots/0046.png...
2019-10-01 07:05:36,324 - root - DEBUG - extracting ./marine_commander_red_dots/0047.png...
2019-10-01 07:05:36,325 - root - DEBUG - extracting ./marine_commander_red_dots/0048.png...
2019-10-01 07:05:36,326 - root - DEBUG - extracting ./marine_commander_red_dots/0049.png...
2019-10-01 07:05:36,326 - root - DEBUG - extracting ./marine_commander_red_dots/0050.png...
2019-10-01 07:05:36,327 - root - DEBUG - extracting ./marine_commander_red_dots/0051.png...
2019-10-01 07:05:36,327 - root - DEBUG - extracting ./marine_commander_red_dots/0052.png...
2019-10-01 07:05:36,328 - root - DEBUG - extracting ./marine_commander_red_dots/0053.png...
2019-10-01 07:05:36,329 - root - DEBUG - extracting ./marine_commander_red_dots/0054.png...
2019-10-01 07:05:36,329 - root - DEBUG - extracting ./marine_commander_red_dots/0055.png...
2019-10-01 07:05:36,330 - root - DEBUG - extracting ./marine_commander_red_dots/0056.png...
2019-10-01 07:05:36,331 - root - DEBUG - extracting ./marine_commander_red_dots/0057.png...
2019-10-01 07:05:36,332 - root - DEBUG - extracting ./marine_commander_red_dots/0058.png...
2019-10-01 07:05:36,333 - root - DEBUG - Exporting config...
